<?xml version="1.0" encoding="UTF-8"?>
<testsuite xmlns:xsi="http://www.w3.org/2001/XMLSchema-instance" xsi:noNamespaceSchemaLocation="https://maven.apache.org/surefire/maven-surefire-plugin/xsd/surefire-test-report-3.0.xsd" version="3.0" name="com.example.weblibrary.controller.EmployeeTest" time="9.424" tests="8" errors="0" skipped="0" failures="0">
  <properties>
[...]
</properties>
  <testcase name="getEmployeeWithHighestSalary" classname="com.example.weblibrary.controller.EmployeeTest" time="0.612">
    <system-out><![CDATA[20:57:04.841 [main] INFO  o.s.t.c.s.AnnotationConfigContextLoaderUtils - Could not detect default configuration classes for test class [com.example.weblibrary.controller.EmployeeTest]: EmployeeTest does not declare any static, non-private, non-final, nested classes annotated with @Configuration.
20:57:04.958 [main] INFO  o.s.b.t.c.SpringBootTestContextBootstrapper - Found @SpringBootConfiguration com.example.weblibrary.WebLibraryApplication for test class com.example.weblibrary.controller.EmployeeTest

  .   ____          _            __ _ _
 /\\ / ___'_ __ _ _(_)_ __  __ _ \ \ \ \
( ( )\___ | '_ | '_| | '_ \/ _` | \ \ \ \
 \\/  ___)| |_)| | | | | || (_| |  ) ) ) )
  '  |____| .__|_| |_|_| |_\__, | / / / /
 =========|_|==============|___/=/_/_/_/
 :: Spring Boot ::                (v3.1.0)

20:57:05.261 [main] INFO  c.e.w.controller.EmployeeTest - Starting EmployeeTest using Java 20.0.2 with PID 1956 (started by Ruslan in C:\Users\Ruslan\IdeaProjects\Spring_Boot_MVC)
20:57:05.262 [main] INFO  c.e.w.controller.EmployeeTest - No active profile set, falling back to 1 default profile: "default"
20:57:05.833 [main] INFO  o.s.d.r.c.RepositoryConfigurationDelegate - Bootstrapping Spring Data JPA repositories in DEFAULT mode.
20:57:05.875 [main] INFO  o.s.d.r.c.RepositoryConfigurationDelegate - Finished Spring Data repository scanning in 37 ms. Found 4 JPA repository interfaces.
20:57:06.202 [main] INFO  com.zaxxer.hikari.HikariDataSource - HikariPool-1 - Starting...
20:57:06.344 [main] INFO  com.zaxxer.hikari.pool.HikariPool - HikariPool-1 - Added connection conn0: url=jdbc:h2:mem:test user=SA
20:57:06.345 [main] INFO  com.zaxxer.hikari.HikariDataSource - HikariPool-1 - Start completed.
20:57:06.398 [main] INFO  liquibase.database - Set default schema name to PUBLIC
20:57:06.703 [main] INFO  liquibase.executor - Changelog query completed.
20:57:06.705 [main] INFO  liquibase.executor - Changelog query completed.
20:57:06.708 [main] INFO  liquibase.executor - Changelog query completed.
20:57:06.710 [main] INFO  liquibase.executor - Changelog query completed.
20:57:06.713 [main] INFO  liquibase.executor - Changelog query completed.
20:57:06.713 [main] INFO  liquibase.lockservice - Successfully acquired change log lock
20:57:06.722 [main] INFO  liquibase.changelog - Creating database history table with name: PUBLIC.DATABASECHANGELOG
20:57:06.725 [main] INFO  liquibase.executor - Changelog query completed.
20:57:06.725 [main] INFO  liquibase.changelog - Reading from PUBLIC.DATABASECHANGELOG
20:57:06.727 [main] INFO  liquibase.executor - Changelog query completed.
20:57:06.728 [main] INFO  liquibase.executor - Changelog query completed.
Running Changeset: liquibase/changesets/create_employee.yml::1::developer
20:57:06.762 [main] INFO  liquibase.changelog - Table employee created
20:57:06.763 [main] INFO  liquibase.changelog - ChangeSet liquibase/changesets/create_employee.yml::1::developer ran successfully in 6ms
20:57:06.765 [main] INFO  liquibase.executor - Changelog query completed.
20:57:06.766 [main] INFO  liquibase.executor - Changelog query completed.
Running Changeset: liquibase/changesets/create_position.yml::1::developer
20:57:06.768 [main] INFO  liquibase.changelog - Table position created
20:57:06.768 [main] INFO  liquibase.changelog - ChangeSet liquibase/changesets/create_position.yml::1::developer ran successfully in 2ms
20:57:06.769 [main] INFO  liquibase.executor - Changelog query completed.
Running Changeset: liquibase/changesets/create_auth_user.yml::3::developer
20:57:06.771 [main] INFO  liquibase.changelog - Table auth_user created
20:57:06.771 [main] INFO  liquibase.changelog - ChangeSet liquibase/changesets/create_auth_user.yml::3::developer ran successfully in 2ms
20:57:06.772 [main] INFO  liquibase.executor - Changelog query completed.
Running Changeset: liquibase/changesets/create_role.yml::4::developer
20:57:06.774 [main] INFO  liquibase.changelog - Table roles created
20:57:06.774 [main] INFO  liquibase.changelog - ChangeSet liquibase/changesets/create_role.yml::4::developer ran successfully in 2ms
20:57:06.775 [main] INFO  liquibase.executor - Changelog query completed.
Running Changeset: liquibase/changesets/create_report.yml::1::developer
20:57:06.777 [main] INFO  liquibase.changelog - Table report created
20:57:06.778 [main] INFO  liquibase.changelog - ChangeSet liquibase/changesets/create_report.yml::1::developer ran successfully in 2ms
20:57:06.779 [main] INFO  liquibase.executor - Changelog query completed.
20:57:06.780 [main] INFO  liquibase - Update command completed successfully.
20:57:06.781 [main] INFO  liquibase.executor - Changelog query completed.
20:57:06.781 [main] INFO  liquibase.lockservice - Successfully released change log lock
20:57:06.881 [main] INFO  o.h.jpa.internal.util.LogHelper - HHH000204: Processing PersistenceUnitInfo [name: default]
20:57:06.924 [main] INFO  org.hibernate.Version - HHH000412: Hibernate ORM core version 6.2.2.Final
20:57:06.926 [main] INFO  org.hibernate.cfg.Environment - HHH000406: Using bytecode reflection optimizer
20:57:07.022 [main] INFO  o.h.b.i.BytecodeProviderInitiator - HHH000021: Bytecode provider name : bytebuddy
20:57:07.112 [main] INFO  o.s.o.j.p.SpringPersistenceUnitInfo - No LoadTimeWeaver setup: ignoring JPA class transformer
20:57:07.152 [main] INFO  org.hibernate.orm.dialect - HHH035001: Using dialect: org.hibernate.dialect.H2Dialect, version: 2.1.214
20:57:07.302 [main] INFO  o.h.b.i.BytecodeProviderInitiator - HHH000021: Bytecode provider name : bytebuddy
20:57:07.766 [main] INFO  o.h.e.t.j.p.i.JtaPlatformInitiator - HHH000490: Using JtaPlatform implementation: [org.hibernate.engine.transaction.jta.platform.internal.NoJtaPlatform]
20:57:07.769 [main] INFO  o.s.o.j.LocalContainerEntityManagerFactoryBean - Initialized JPA EntityManagerFactory for persistence unit 'default'
20:57:08.068 [main] INFO  o.s.d.j.r.query.QueryEnhancerFactory - Hibernate is in classpath; If applicable, HQL parser will be used.
20:57:08.490 [main] WARN  o.s.b.a.o.j.JpaBaseConfiguration$JpaWebConfiguration - spring.jpa.open-in-view is enabled by default. Therefore, database queries may be performed during view rendering. Explicitly configure spring.jpa.open-in-view to disable this warning
20:57:08.598 [main] INFO  o.s.s.web.DefaultSecurityFilterChain - Will secure any request with [org.springframework.security.web.session.DisableEncodeUrlFilter@442612a6, org.springframework.security.web.context.request.async.WebAsyncManagerIntegrationFilter@65314e4, org.springframework.security.web.context.SecurityContextHolderFilter@5c71329f, org.springframework.security.web.header.HeaderWriterFilter@18accf9c, org.springframework.security.web.authentication.logout.LogoutFilter@6431ab21, org.springframework.security.web.authentication.UsernamePasswordAuthenticationFilter@614da024, org.springframework.security.web.authentication.ui.DefaultLoginPageGeneratingFilter@2991524, org.springframework.security.web.authentication.ui.DefaultLogoutPageGeneratingFilter@a93c88a, org.springframework.security.web.savedrequest.RequestCacheAwareFilter@7940d27b, org.springframework.security.web.servletapi.SecurityContextHolderAwareRequestFilter@6fc98c70, org.springframework.security.web.authentication.AnonymousAuthenticationFilter@741cb82c, org.springframework.security.web.access.ExceptionTranslationFilter@4dc9de0e, org.springframework.security.web.access.intercept.AuthorizationFilter@20bc417f]
20:57:09.496 [main] INFO  o.s.b.t.m.w.SpringBootMockServletContext - Initializing Spring TestDispatcherServlet ''
20:57:09.496 [main] INFO  o.s.t.w.s.TestDispatcherServlet - Initializing Servlet ''
20:57:09.498 [main] INFO  o.s.t.w.s.TestDispatcherServlet - Completed initialization in 1 ms
20:57:09.514 [main] INFO  c.e.w.controller.EmployeeTest - Started EmployeeTest in 4.444 seconds (process running for 5.416)
20:57:10.059 [main] INFO  c.e.w.service.EmployeeServiceImpl - Вызван метод getAllEmployees()
20:57:10.060 [main] INFO  c.e.w.service.EmployeeServiceImpl - Вызван метод getAllEmployees()
20:57:10.062 [main] INFO  c.e.w.service.EmployeeServiceImpl - Вызван метод getAllEmployees()
20:57:10.063 [main] INFO  c.e.w.service.EmployeeServiceImpl - Вызван метод getAllEmployees()
20:57:10.063 [main] INFO  c.e.w.service.EmployeeServiceImpl - Запрошен сотрудник/сотрудники с максимальной зарплатой
20:57:10.135 [main] INFO  o.s.o.j.LocalContainerEntityManagerFactoryBean - Closing JPA EntityManagerFactory for persistence unit 'default'
20:57:10.136 [main] INFO  com.zaxxer.hikari.HikariDataSource - HikariPool-1 - Shutdown initiated...
20:57:10.138 [main] INFO  com.zaxxer.hikari.HikariDataSource - HikariPool-1 - Shutdown completed.
]]></system-out>
  </testcase>
  <testcase name="addEmployeeFromFile" classname="com.example.weblibrary.controller.EmployeeTest" time="0.051">
    <system-out><![CDATA[
  .   ____          _            __ _ _
 /\\ / ___'_ __ _ _(_)_ __  __ _ \ \ \ \
( ( )\___ | '_ | '_| | '_ \/ _` | \ \ \ \
 \\/  ___)| |_)| | | | | || (_| |  ) ) ) )
  '  |____| .__|_| |_|_| |_\__, | / / / /
 =========|_|==============|___/=/_/_/_/
 :: Spring Boot ::                (v3.1.0)

20:57:10.163 [main] INFO  c.e.w.controller.EmployeeTest - Starting EmployeeTest using Java 20.0.2 with PID 1956 (started by Ruslan in C:\Users\Ruslan\IdeaProjects\Spring_Boot_MVC)
20:57:10.163 [main] INFO  c.e.w.controller.EmployeeTest - No active profile set, falling back to 1 default profile: "default"
20:57:10.304 [main] INFO  o.s.d.r.c.RepositoryConfigurationDelegate - Bootstrapping Spring Data JPA repositories in DEFAULT mode.
20:57:10.314 [main] INFO  o.s.d.r.c.RepositoryConfigurationDelegate - Finished Spring Data repository scanning in 9 ms. Found 4 JPA repository interfaces.
20:57:10.359 [main] INFO  com.zaxxer.hikari.HikariDataSource - HikariPool-2 - Starting...
20:57:10.360 [main] INFO  com.zaxxer.hikari.pool.HikariPool - HikariPool-2 - Added connection conn10: url=jdbc:h2:mem:test user=SA
20:57:10.361 [main] INFO  com.zaxxer.hikari.HikariDataSource - HikariPool-2 - Start completed.
20:57:10.361 [main] INFO  liquibase.database - Set default schema name to PUBLIC
20:57:10.378 [main] INFO  liquibase.executor - Changelog query completed.
20:57:10.379 [main] INFO  liquibase.executor - Changelog query completed.
20:57:10.379 [main] INFO  liquibase.executor - Changelog query completed.
20:57:10.380 [main] INFO  liquibase.executor - Changelog query completed.
20:57:10.381 [main] INFO  liquibase.executor - Changelog query completed.
20:57:10.382 [main] INFO  liquibase.lockservice - Successfully acquired change log lock
20:57:10.383 [main] INFO  liquibase.changelog - Creating database history table with name: PUBLIC.DATABASECHANGELOG
20:57:10.385 [main] INFO  liquibase.executor - Changelog query completed.
20:57:10.386 [main] INFO  liquibase.changelog - Reading from PUBLIC.DATABASECHANGELOG
20:57:10.387 [main] INFO  liquibase.executor - Changelog query completed.
20:57:10.388 [main] INFO  liquibase.executor - Changelog query completed.
Running Changeset: liquibase/changesets/create_employee.yml::1::developer
20:57:10.396 [main] INFO  liquibase.changelog - Table employee created
20:57:10.397 [main] INFO  liquibase.changelog - ChangeSet liquibase/changesets/create_employee.yml::1::developer ran successfully in 2ms
20:57:10.398 [main] INFO  liquibase.executor - Changelog query completed.
20:57:10.398 [main] INFO  liquibase.executor - Changelog query completed.
Running Changeset: liquibase/changesets/create_position.yml::1::developer
20:57:10.401 [main] INFO  liquibase.changelog - Table position created
20:57:10.401 [main] INFO  liquibase.changelog - ChangeSet liquibase/changesets/create_position.yml::1::developer ran successfully in 2ms
20:57:10.402 [main] INFO  liquibase.executor - Changelog query completed.
Running Changeset: liquibase/changesets/create_auth_user.yml::3::developer
20:57:10.404 [main] INFO  liquibase.changelog - Table auth_user created
20:57:10.404 [main] INFO  liquibase.changelog - ChangeSet liquibase/changesets/create_auth_user.yml::3::developer ran successfully in 2ms
20:57:10.405 [main] INFO  liquibase.executor - Changelog query completed.
Running Changeset: liquibase/changesets/create_role.yml::4::developer
20:57:10.406 [main] INFO  liquibase.changelog - Table roles created
20:57:10.407 [main] INFO  liquibase.changelog - ChangeSet liquibase/changesets/create_role.yml::4::developer ran successfully in 2ms
20:57:10.407 [main] INFO  liquibase.executor - Changelog query completed.
Running Changeset: liquibase/changesets/create_report.yml::1::developer
20:57:10.412 [main] INFO  liquibase.changelog - Table report created
20:57:10.414 [main] INFO  liquibase.changelog - ChangeSet liquibase/changesets/create_report.yml::1::developer ran successfully in 5ms
20:57:10.417 [main] INFO  liquibase.executor - Changelog query completed.
20:57:10.418 [main] INFO  liquibase - Update command completed successfully.
20:57:10.419 [main] INFO  liquibase.executor - Changelog query completed.
20:57:10.420 [main] INFO  liquibase.lockservice - Successfully released change log lock
20:57:10.443 [main] INFO  o.h.jpa.internal.util.LogHelper - HHH000204: Processing PersistenceUnitInfo [name: default]
20:57:10.449 [main] INFO  o.h.b.i.BytecodeProviderInitiator - HHH000021: Bytecode provider name : bytebuddy
20:57:10.449 [main] INFO  o.s.o.j.p.SpringPersistenceUnitInfo - No LoadTimeWeaver setup: ignoring JPA class transformer
20:57:10.450 [main] INFO  org.hibernate.orm.dialect - HHH035001: Using dialect: org.hibernate.dialect.H2Dialect, version: 2.1.214
20:57:10.458 [main] INFO  o.h.b.i.BytecodeProviderInitiator - HHH000021: Bytecode provider name : bytebuddy
20:57:10.497 [main] INFO  o.h.e.t.j.p.i.JtaPlatformInitiator - HHH000490: Using JtaPlatform implementation: [org.hibernate.engine.transaction.jta.platform.internal.NoJtaPlatform]
20:57:10.497 [main] INFO  o.s.o.j.LocalContainerEntityManagerFactoryBean - Initialized JPA EntityManagerFactory for persistence unit 'default'
20:57:10.549 [main] WARN  o.s.b.a.o.j.JpaBaseConfiguration$JpaWebConfiguration - spring.jpa.open-in-view is enabled by default. Therefore, database queries may be performed during view rendering. Explicitly configure spring.jpa.open-in-view to disable this warning
20:57:10.557 [main] INFO  o.s.s.web.DefaultSecurityFilterChain - Will secure any request with [org.springframework.security.web.session.DisableEncodeUrlFilter@45ca96f3, org.springframework.security.web.context.request.async.WebAsyncManagerIntegrationFilter@4cb15553, org.springframework.security.web.context.SecurityContextHolderFilter@1b00f65a, org.springframework.security.web.header.HeaderWriterFilter@1c1ab84e, org.springframework.security.web.authentication.logout.LogoutFilter@6816b13d, org.springframework.security.web.authentication.UsernamePasswordAuthenticationFilter@18084396, org.springframework.security.web.authentication.ui.DefaultLoginPageGeneratingFilter@52416fd7, org.springframework.security.web.authentication.ui.DefaultLogoutPageGeneratingFilter@2b728f15, org.springframework.security.web.savedrequest.RequestCacheAwareFilter@5bafbe15, org.springframework.security.web.servletapi.SecurityContextHolderAwareRequestFilter@1b506c3b, org.springframework.security.web.authentication.AnonymousAuthenticationFilter@71bc7d1e, org.springframework.security.web.access.ExceptionTranslationFilter@304e1e2d, org.springframework.security.web.access.intercept.AuthorizationFilter@2959dfb7]
20:57:10.867 [main] INFO  o.s.b.t.m.w.SpringBootMockServletContext - Initializing Spring TestDispatcherServlet ''
20:57:10.867 [main] INFO  o.s.t.w.s.TestDispatcherServlet - Initializing Servlet ''
20:57:10.868 [main] INFO  o.s.t.w.s.TestDispatcherServlet - Completed initialization in 1 ms
20:57:10.872 [main] INFO  c.e.w.controller.EmployeeTest - Started EmployeeTest in 0.727 seconds (process running for 6.774)
20:57:10.914 [main] INFO  c.e.w.service.EmployeeServiceImpl - Вызван метод uploadEmployees
20:57:10.919 [main] INFO  c.e.w.service.EmployeeServiceImpl - Вызван метод getAllEmployees()
20:57:10.923 [main] INFO  o.s.o.j.LocalContainerEntityManagerFactoryBean - Closing JPA EntityManagerFactory for persistence unit 'default'
20:57:10.924 [main] INFO  com.zaxxer.hikari.HikariDataSource - HikariPool-2 - Shutdown initiated...
20:57:10.924 [main] INFO  com.zaxxer.hikari.HikariDataSource - HikariPool-2 - Shutdown completed.
]]></system-out>
  </testcase>
  <testcase name="givenNoBody_whenEmptyJsonArray" classname="com.example.weblibrary.controller.EmployeeTest" time="0.012">
    <system-out><![CDATA[
  .   ____          _            __ _ _
 /\\ / ___'_ __ _ _(_)_ __  __ _ \ \ \ \
( ( )\___ | '_ | '_| | '_ \/ _` | \ \ \ \
 \\/  ___)| |_)| | | | | || (_| |  ) ) ) )
  '  |____| .__|_| |_|_| |_\__, | / / / /
 =========|_|==============|___/=/_/_/_/
 :: Spring Boot ::                (v3.1.0)

20:57:10.940 [main] INFO  c.e.w.controller.EmployeeTest - Starting EmployeeTest using Java 20.0.2 with PID 1956 (started by Ruslan in C:\Users\Ruslan\IdeaProjects\Spring_Boot_MVC)
20:57:10.941 [main] INFO  c.e.w.controller.EmployeeTest - No active profile set, falling back to 1 default profile: "default"
20:57:11.050 [main] INFO  o.s.d.r.c.RepositoryConfigurationDelegate - Bootstrapping Spring Data JPA repositories in DEFAULT mode.
20:57:11.059 [main] INFO  o.s.d.r.c.RepositoryConfigurationDelegate - Finished Spring Data repository scanning in 9 ms. Found 4 JPA repository interfaces.
20:57:11.094 [main] INFO  com.zaxxer.hikari.HikariDataSource - HikariPool-3 - Starting...
20:57:11.097 [main] INFO  com.zaxxer.hikari.pool.HikariPool - HikariPool-3 - Added connection conn20: url=jdbc:h2:mem:test user=SA
20:57:11.097 [main] INFO  com.zaxxer.hikari.HikariDataSource - HikariPool-3 - Start completed.
20:57:11.098 [main] INFO  liquibase.database - Set default schema name to PUBLIC
20:57:11.112 [main] INFO  liquibase.executor - Changelog query completed.
20:57:11.113 [main] INFO  liquibase.executor - Changelog query completed.
20:57:11.113 [main] INFO  liquibase.executor - Changelog query completed.
20:57:11.114 [main] INFO  liquibase.executor - Changelog query completed.
20:57:11.115 [main] INFO  liquibase.executor - Changelog query completed.
20:57:11.115 [main] INFO  liquibase.lockservice - Successfully acquired change log lock
20:57:11.116 [main] INFO  liquibase.changelog - Creating database history table with name: PUBLIC.DATABASECHANGELOG
20:57:11.118 [main] INFO  liquibase.executor - Changelog query completed.
20:57:11.118 [main] INFO  liquibase.changelog - Reading from PUBLIC.DATABASECHANGELOG
20:57:11.119 [main] INFO  liquibase.executor - Changelog query completed.
20:57:11.119 [main] INFO  liquibase.executor - Changelog query completed.
Running Changeset: liquibase/changesets/create_employee.yml::1::developer
20:57:11.124 [main] INFO  liquibase.changelog - Table employee created
20:57:11.125 [main] INFO  liquibase.changelog - ChangeSet liquibase/changesets/create_employee.yml::1::developer ran successfully in 2ms
20:57:11.125 [main] INFO  liquibase.executor - Changelog query completed.
20:57:11.126 [main] INFO  liquibase.executor - Changelog query completed.
Running Changeset: liquibase/changesets/create_position.yml::1::developer
20:57:11.127 [main] INFO  liquibase.changelog - Table position created
20:57:11.128 [main] INFO  liquibase.changelog - ChangeSet liquibase/changesets/create_position.yml::1::developer ran successfully in 2ms
20:57:11.129 [main] INFO  liquibase.executor - Changelog query completed.
Running Changeset: liquibase/changesets/create_auth_user.yml::3::developer
20:57:11.130 [main] INFO  liquibase.changelog - Table auth_user created
20:57:11.131 [main] INFO  liquibase.changelog - ChangeSet liquibase/changesets/create_auth_user.yml::3::developer ran successfully in 2ms
20:57:11.132 [main] INFO  liquibase.executor - Changelog query completed.
Running Changeset: liquibase/changesets/create_role.yml::4::developer
20:57:11.134 [main] INFO  liquibase.changelog - Table roles created
20:57:11.135 [main] INFO  liquibase.changelog - ChangeSet liquibase/changesets/create_role.yml::4::developer ran successfully in 2ms
20:57:11.135 [main] INFO  liquibase.executor - Changelog query completed.
Running Changeset: liquibase/changesets/create_report.yml::1::developer
20:57:11.137 [main] INFO  liquibase.changelog - Table report created
20:57:11.137 [main] INFO  liquibase.changelog - ChangeSet liquibase/changesets/create_report.yml::1::developer ran successfully in 1ms
20:57:11.138 [main] INFO  liquibase.executor - Changelog query completed.
20:57:11.138 [main] INFO  liquibase - Update command completed successfully.
20:57:11.139 [main] INFO  liquibase.executor - Changelog query completed.
20:57:11.139 [main] INFO  liquibase.lockservice - Successfully released change log lock
20:57:11.155 [main] INFO  o.h.jpa.internal.util.LogHelper - HHH000204: Processing PersistenceUnitInfo [name: default]
20:57:11.159 [main] INFO  o.h.b.i.BytecodeProviderInitiator - HHH000021: Bytecode provider name : bytebuddy
20:57:11.159 [main] INFO  o.s.o.j.p.SpringPersistenceUnitInfo - No LoadTimeWeaver setup: ignoring JPA class transformer
20:57:11.160 [main] INFO  org.hibernate.orm.dialect - HHH035001: Using dialect: org.hibernate.dialect.H2Dialect, version: 2.1.214
20:57:11.171 [main] INFO  o.h.b.i.BytecodeProviderInitiator - HHH000021: Bytecode provider name : bytebuddy
20:57:11.204 [main] INFO  o.h.e.t.j.p.i.JtaPlatformInitiator - HHH000490: Using JtaPlatform implementation: [org.hibernate.engine.transaction.jta.platform.internal.NoJtaPlatform]
20:57:11.205 [main] INFO  o.s.o.j.LocalContainerEntityManagerFactoryBean - Initialized JPA EntityManagerFactory for persistence unit 'default'
20:57:11.248 [main] WARN  o.s.b.a.o.j.JpaBaseConfiguration$JpaWebConfiguration - spring.jpa.open-in-view is enabled by default. Therefore, database queries may be performed during view rendering. Explicitly configure spring.jpa.open-in-view to disable this warning
20:57:11.256 [main] INFO  o.s.s.web.DefaultSecurityFilterChain - Will secure any request with [org.springframework.security.web.session.DisableEncodeUrlFilter@6a39c005, org.springframework.security.web.context.request.async.WebAsyncManagerIntegrationFilter@45a9dc8e, org.springframework.security.web.context.SecurityContextHolderFilter@912756d, org.springframework.security.web.header.HeaderWriterFilter@3f6404aa, org.springframework.security.web.authentication.logout.LogoutFilter@7f7b15d4, org.springframework.security.web.authentication.UsernamePasswordAuthenticationFilter@4d4bb9cd, org.springframework.security.web.authentication.ui.DefaultLoginPageGeneratingFilter@ab58ff, org.springframework.security.web.authentication.ui.DefaultLogoutPageGeneratingFilter@6cb2e94, org.springframework.security.web.savedrequest.RequestCacheAwareFilter@4a35f473, org.springframework.security.web.servletapi.SecurityContextHolderAwareRequestFilter@1ff55eff, org.springframework.security.web.authentication.AnonymousAuthenticationFilter@16de7a51, org.springframework.security.web.access.ExceptionTranslationFilter@47a246ec, org.springframework.security.web.access.intercept.AuthorizationFilter@10fa7b74]
20:57:11.505 [main] INFO  o.s.b.t.m.w.SpringBootMockServletContext - Initializing Spring TestDispatcherServlet ''
20:57:11.505 [main] INFO  o.s.t.w.s.TestDispatcherServlet - Initializing Servlet ''
20:57:11.505 [main] INFO  o.s.t.w.s.TestDispatcherServlet - Completed initialization in 0 ms
20:57:11.509 [main] INFO  c.e.w.controller.EmployeeTest - Started EmployeeTest in 0.582 seconds (process running for 7.411)
20:57:11.516 [main] INFO  c.e.w.service.EmployeeServiceImpl - Вызван метод getAllEmployees()
20:57:11.522 [main] INFO  o.s.o.j.LocalContainerEntityManagerFactoryBean - Closing JPA EntityManagerFactory for persistence unit 'default'
20:57:11.522 [main] INFO  com.zaxxer.hikari.HikariDataSource - HikariPool-3 - Shutdown initiated...
20:57:11.522 [main] INFO  com.zaxxer.hikari.HikariDataSource - HikariPool-3 - Shutdown completed.
]]></system-out>
  </testcase>
  <testcase name="whenNotFound_getStatus404" classname="com.example.weblibrary.controller.EmployeeTest" time="0.028">
    <system-out><![CDATA[
  .   ____          _            __ _ _
 /\\ / ___'_ __ _ _(_)_ __  __ _ \ \ \ \
( ( )\___ | '_ | '_| | '_ \/ _` | \ \ \ \
 \\/  ___)| |_)| | | | | || (_| |  ) ) ) )
  '  |____| .__|_| |_|_| |_\__, | / / / /
 =========|_|==============|___/=/_/_/_/
 :: Spring Boot ::                (v3.1.0)

20:57:11.537 [main] INFO  c.e.w.controller.EmployeeTest - Starting EmployeeTest using Java 20.0.2 with PID 1956 (started by Ruslan in C:\Users\Ruslan\IdeaProjects\Spring_Boot_MVC)
20:57:11.537 [main] INFO  c.e.w.controller.EmployeeTest - No active profile set, falling back to 1 default profile: "default"
20:57:11.644 [main] INFO  o.s.d.r.c.RepositoryConfigurationDelegate - Bootstrapping Spring Data JPA repositories in DEFAULT mode.
20:57:11.651 [main] INFO  o.s.d.r.c.RepositoryConfigurationDelegate - Finished Spring Data repository scanning in 7 ms. Found 4 JPA repository interfaces.
20:57:11.686 [main] INFO  com.zaxxer.hikari.HikariDataSource - HikariPool-4 - Starting...
20:57:11.688 [main] INFO  com.zaxxer.hikari.pool.HikariPool - HikariPool-4 - Added connection conn30: url=jdbc:h2:mem:test user=SA
20:57:11.689 [main] INFO  com.zaxxer.hikari.HikariDataSource - HikariPool-4 - Start completed.
20:57:11.689 [main] INFO  liquibase.database - Set default schema name to PUBLIC
20:57:11.701 [main] INFO  liquibase.executor - Changelog query completed.
20:57:11.702 [main] INFO  liquibase.executor - Changelog query completed.
20:57:11.702 [main] INFO  liquibase.executor - Changelog query completed.
20:57:11.703 [main] INFO  liquibase.executor - Changelog query completed.
20:57:11.704 [main] INFO  liquibase.executor - Changelog query completed.
20:57:11.704 [main] INFO  liquibase.lockservice - Successfully acquired change log lock
20:57:11.705 [main] INFO  liquibase.changelog - Creating database history table with name: PUBLIC.DATABASECHANGELOG
20:57:11.706 [main] INFO  liquibase.executor - Changelog query completed.
20:57:11.707 [main] INFO  liquibase.changelog - Reading from PUBLIC.DATABASECHANGELOG
20:57:11.707 [main] INFO  liquibase.executor - Changelog query completed.
20:57:11.708 [main] INFO  liquibase.executor - Changelog query completed.
Running Changeset: liquibase/changesets/create_employee.yml::1::developer
20:57:11.712 [main] INFO  liquibase.changelog - Table employee created
20:57:11.713 [main] INFO  liquibase.changelog - ChangeSet liquibase/changesets/create_employee.yml::1::developer ran successfully in 2ms
20:57:11.713 [main] INFO  liquibase.executor - Changelog query completed.
20:57:11.714 [main] INFO  liquibase.executor - Changelog query completed.
Running Changeset: liquibase/changesets/create_position.yml::1::developer
20:57:11.715 [main] INFO  liquibase.changelog - Table position created
20:57:11.715 [main] INFO  liquibase.changelog - ChangeSet liquibase/changesets/create_position.yml::1::developer ran successfully in 1ms
20:57:11.715 [main] INFO  liquibase.executor - Changelog query completed.
Running Changeset: liquibase/changesets/create_auth_user.yml::3::developer
20:57:11.717 [main] INFO  liquibase.changelog - Table auth_user created
20:57:11.717 [main] INFO  liquibase.changelog - ChangeSet liquibase/changesets/create_auth_user.yml::3::developer ran successfully in 1ms
20:57:11.718 [main] INFO  liquibase.executor - Changelog query completed.
Running Changeset: liquibase/changesets/create_role.yml::4::developer
20:57:11.719 [main] INFO  liquibase.changelog - Table roles created
20:57:11.720 [main] INFO  liquibase.changelog - ChangeSet liquibase/changesets/create_role.yml::4::developer ran successfully in 1ms
20:57:11.720 [main] INFO  liquibase.executor - Changelog query completed.
Running Changeset: liquibase/changesets/create_report.yml::1::developer
20:57:11.721 [main] INFO  liquibase.changelog - Table report created
20:57:11.721 [main] INFO  liquibase.changelog - ChangeSet liquibase/changesets/create_report.yml::1::developer ran successfully in 1ms
20:57:11.722 [main] INFO  liquibase.executor - Changelog query completed.
20:57:11.722 [main] INFO  liquibase - Update command completed successfully.
20:57:11.723 [main] INFO  liquibase.executor - Changelog query completed.
20:57:11.723 [main] INFO  liquibase.lockservice - Successfully released change log lock
20:57:11.731 [main] INFO  o.h.jpa.internal.util.LogHelper - HHH000204: Processing PersistenceUnitInfo [name: default]
20:57:11.735 [main] INFO  o.h.b.i.BytecodeProviderInitiator - HHH000021: Bytecode provider name : bytebuddy
20:57:11.736 [main] INFO  o.s.o.j.p.SpringPersistenceUnitInfo - No LoadTimeWeaver setup: ignoring JPA class transformer
20:57:11.737 [main] INFO  org.hibernate.orm.dialect - HHH035001: Using dialect: org.hibernate.dialect.H2Dialect, version: 2.1.214
20:57:11.744 [main] INFO  o.h.b.i.BytecodeProviderInitiator - HHH000021: Bytecode provider name : bytebuddy
20:57:11.771 [main] INFO  o.h.e.t.j.p.i.JtaPlatformInitiator - HHH000490: Using JtaPlatform implementation: [org.hibernate.engine.transaction.jta.platform.internal.NoJtaPlatform]
20:57:11.771 [main] INFO  o.s.o.j.LocalContainerEntityManagerFactoryBean - Initialized JPA EntityManagerFactory for persistence unit 'default'
20:57:11.822 [main] WARN  o.s.b.a.o.j.JpaBaseConfiguration$JpaWebConfiguration - spring.jpa.open-in-view is enabled by default. Therefore, database queries may be performed during view rendering. Explicitly configure spring.jpa.open-in-view to disable this warning
20:57:11.829 [main] INFO  o.s.s.web.DefaultSecurityFilterChain - Will secure any request with [org.springframework.security.web.session.DisableEncodeUrlFilter@4911d84, org.springframework.security.web.context.request.async.WebAsyncManagerIntegrationFilter@3c0b82f3, org.springframework.security.web.context.SecurityContextHolderFilter@6eb0d0ea, org.springframework.security.web.header.HeaderWriterFilter@20e0becd, org.springframework.security.web.authentication.logout.LogoutFilter@2fc8b8c2, org.springframework.security.web.authentication.UsernamePasswordAuthenticationFilter@6ef5b630, org.springframework.security.web.authentication.ui.DefaultLoginPageGeneratingFilter@4c84615a, org.springframework.security.web.authentication.ui.DefaultLogoutPageGeneratingFilter@62125fb5, org.springframework.security.web.savedrequest.RequestCacheAwareFilter@28446b82, org.springframework.security.web.servletapi.SecurityContextHolderAwareRequestFilter@69b7ac77, org.springframework.security.web.authentication.AnonymousAuthenticationFilter@219521f1, org.springframework.security.web.access.ExceptionTranslationFilter@7176188d, org.springframework.security.web.access.intercept.AuthorizationFilter@14295dca]
20:57:12.054 [main] INFO  o.s.b.t.m.w.SpringBootMockServletContext - Initializing Spring TestDispatcherServlet ''
20:57:12.055 [main] INFO  o.s.t.w.s.TestDispatcherServlet - Initializing Servlet ''
20:57:12.055 [main] INFO  o.s.t.w.s.TestDispatcherServlet - Completed initialization in 0 ms
20:57:12.061 [main] INFO  c.e.w.controller.EmployeeTest - Started EmployeeTest in 0.537 seconds (process running for 7.963)
20:57:12.077 [main] ERROR c.e.w.service.EmployeeServiceImpl - Сотрудник с ID 10 не найден
20:57:12.087 [main] ERROR c.e.w.service.EmployeeServiceImpl - Сотрудник с ID 10 не найден
20:57:12.091 [main] INFO  o.s.o.j.LocalContainerEntityManagerFactoryBean - Closing JPA EntityManagerFactory for persistence unit 'default'
20:57:12.092 [main] INFO  com.zaxxer.hikari.HikariDataSource - HikariPool-4 - Shutdown initiated...
20:57:12.093 [main] INFO  com.zaxxer.hikari.HikariDataSource - HikariPool-4 - Shutdown completed.
]]></system-out>
  </testcase>
  <testcase name="getEmployeeByPage" classname="com.example.weblibrary.controller.EmployeeTest" time="0.023">
    <system-out><![CDATA[
  .   ____          _            __ _ _
 /\\ / ___'_ __ _ _(_)_ __  __ _ \ \ \ \
( ( )\___ | '_ | '_| | '_ \/ _` | \ \ \ \
 \\/  ___)| |_)| | | | | || (_| |  ) ) ) )
  '  |____| .__|_| |_|_| |_\__, | / / / /
 =========|_|==============|___/=/_/_/_/
 :: Spring Boot ::                (v3.1.0)

20:57:12.111 [main] INFO  c.e.w.controller.EmployeeTest - Starting EmployeeTest using Java 20.0.2 with PID 1956 (started by Ruslan in C:\Users\Ruslan\IdeaProjects\Spring_Boot_MVC)
20:57:12.111 [main] INFO  c.e.w.controller.EmployeeTest - No active profile set, falling back to 1 default profile: "default"
20:57:12.198 [main] INFO  o.s.d.r.c.RepositoryConfigurationDelegate - Bootstrapping Spring Data JPA repositories in DEFAULT mode.
20:57:12.206 [main] INFO  o.s.d.r.c.RepositoryConfigurationDelegate - Finished Spring Data repository scanning in 7 ms. Found 4 JPA repository interfaces.
20:57:12.236 [main] INFO  com.zaxxer.hikari.HikariDataSource - HikariPool-5 - Starting...
20:57:12.238 [main] INFO  com.zaxxer.hikari.pool.HikariPool - HikariPool-5 - Added connection conn40: url=jdbc:h2:mem:test user=SA
20:57:12.238 [main] INFO  com.zaxxer.hikari.HikariDataSource - HikariPool-5 - Start completed.
20:57:12.239 [main] INFO  liquibase.database - Set default schema name to PUBLIC
20:57:12.249 [main] INFO  liquibase.executor - Changelog query completed.
20:57:12.249 [main] INFO  liquibase.executor - Changelog query completed.
20:57:12.249 [main] INFO  liquibase.executor - Changelog query completed.
20:57:12.250 [main] INFO  liquibase.executor - Changelog query completed.
20:57:12.250 [main] INFO  liquibase.executor - Changelog query completed.
20:57:12.250 [main] INFO  liquibase.lockservice - Successfully acquired change log lock
20:57:12.251 [main] INFO  liquibase.changelog - Creating database history table with name: PUBLIC.DATABASECHANGELOG
20:57:12.252 [main] INFO  liquibase.executor - Changelog query completed.
20:57:12.252 [main] INFO  liquibase.changelog - Reading from PUBLIC.DATABASECHANGELOG
20:57:12.253 [main] INFO  liquibase.executor - Changelog query completed.
20:57:12.253 [main] INFO  liquibase.executor - Changelog query completed.
Running Changeset: liquibase/changesets/create_employee.yml::1::developer
20:57:12.258 [main] INFO  liquibase.changelog - Table employee created
20:57:12.258 [main] INFO  liquibase.changelog - ChangeSet liquibase/changesets/create_employee.yml::1::developer ran successfully in 1ms
20:57:12.259 [main] INFO  liquibase.executor - Changelog query completed.
20:57:12.259 [main] INFO  liquibase.executor - Changelog query completed.
Running Changeset: liquibase/changesets/create_position.yml::1::developer
20:57:12.260 [main] INFO  liquibase.changelog - Table position created
20:57:12.260 [main] INFO  liquibase.changelog - ChangeSet liquibase/changesets/create_position.yml::1::developer ran successfully in 1ms
20:57:12.261 [main] INFO  liquibase.executor - Changelog query completed.
Running Changeset: liquibase/changesets/create_auth_user.yml::3::developer
20:57:12.262 [main] INFO  liquibase.changelog - Table auth_user created
20:57:12.262 [main] INFO  liquibase.changelog - ChangeSet liquibase/changesets/create_auth_user.yml::3::developer ran successfully in 1ms
20:57:12.263 [main] INFO  liquibase.executor - Changelog query completed.
Running Changeset: liquibase/changesets/create_role.yml::4::developer
20:57:12.264 [main] INFO  liquibase.changelog - Table roles created
20:57:12.265 [main] INFO  liquibase.changelog - ChangeSet liquibase/changesets/create_role.yml::4::developer ran successfully in 1ms
20:57:12.265 [main] INFO  liquibase.executor - Changelog query completed.
Running Changeset: liquibase/changesets/create_report.yml::1::developer
20:57:12.267 [main] INFO  liquibase.changelog - Table report created
20:57:12.267 [main] INFO  liquibase.changelog - ChangeSet liquibase/changesets/create_report.yml::1::developer ran successfully in 1ms
20:57:12.268 [main] INFO  liquibase.executor - Changelog query completed.
20:57:12.269 [main] INFO  liquibase - Update command completed successfully.
20:57:12.269 [main] INFO  liquibase.executor - Changelog query completed.
20:57:12.269 [main] INFO  liquibase.lockservice - Successfully released change log lock
20:57:12.280 [main] INFO  o.h.jpa.internal.util.LogHelper - HHH000204: Processing PersistenceUnitInfo [name: default]
20:57:12.284 [main] INFO  o.h.b.i.BytecodeProviderInitiator - HHH000021: Bytecode provider name : bytebuddy
20:57:12.284 [main] INFO  o.s.o.j.p.SpringPersistenceUnitInfo - No LoadTimeWeaver setup: ignoring JPA class transformer
20:57:12.285 [main] INFO  org.hibernate.orm.dialect - HHH035001: Using dialect: org.hibernate.dialect.H2Dialect, version: 2.1.214
20:57:12.293 [main] INFO  o.h.b.i.BytecodeProviderInitiator - HHH000021: Bytecode provider name : bytebuddy
20:57:12.323 [main] INFO  o.h.e.t.j.p.i.JtaPlatformInitiator - HHH000490: Using JtaPlatform implementation: [org.hibernate.engine.transaction.jta.platform.internal.NoJtaPlatform]
20:57:12.324 [main] INFO  o.s.o.j.LocalContainerEntityManagerFactoryBean - Initialized JPA EntityManagerFactory for persistence unit 'default'
20:57:12.364 [main] WARN  o.s.b.a.o.j.JpaBaseConfiguration$JpaWebConfiguration - spring.jpa.open-in-view is enabled by default. Therefore, database queries may be performed during view rendering. Explicitly configure spring.jpa.open-in-view to disable this warning
20:57:12.371 [main] INFO  o.s.s.web.DefaultSecurityFilterChain - Will secure any request with [org.springframework.security.web.session.DisableEncodeUrlFilter@6c520c71, org.springframework.security.web.context.request.async.WebAsyncManagerIntegrationFilter@5043e5a7, org.springframework.security.web.context.SecurityContextHolderFilter@1676d8e7, org.springframework.security.web.header.HeaderWriterFilter@6b1e1a07, org.springframework.security.web.authentication.logout.LogoutFilter@6c472bce, org.springframework.security.web.authentication.UsernamePasswordAuthenticationFilter@399e59d7, org.springframework.security.web.authentication.ui.DefaultLoginPageGeneratingFilter@8d86c4d, org.springframework.security.web.authentication.ui.DefaultLogoutPageGeneratingFilter@2a04cf8a, org.springframework.security.web.savedrequest.RequestCacheAwareFilter@258c38ce, org.springframework.security.web.servletapi.SecurityContextHolderAwareRequestFilter@138d8219, org.springframework.security.web.authentication.AnonymousAuthenticationFilter@611f6bfc, org.springframework.security.web.access.ExceptionTranslationFilter@51bce17f, org.springframework.security.web.access.intercept.AuthorizationFilter@58544d28]
20:57:12.570 [main] INFO  o.s.b.t.m.w.SpringBootMockServletContext - Initializing Spring TestDispatcherServlet ''
20:57:12.571 [main] INFO  o.s.t.w.s.TestDispatcherServlet - Initializing Servlet ''
20:57:12.571 [main] INFO  o.s.t.w.s.TestDispatcherServlet - Completed initialization in 0 ms
20:57:12.575 [main] INFO  c.e.w.controller.EmployeeTest - Started EmployeeTest in 0.48 seconds (process running for 8.477)
20:57:12.592 [main] INFO  c.e.w.service.EmployeeServiceImpl - Вызван метод getEmployeeByPage, pageIndex = 0
20:57:12.600 [main] INFO  o.s.o.j.LocalContainerEntityManagerFactoryBean - Closing JPA EntityManagerFactory for persistence unit 'default'
20:57:12.600 [main] INFO  com.zaxxer.hikari.HikariDataSource - HikariPool-5 - Shutdown initiated...
20:57:12.601 [main] INFO  com.zaxxer.hikari.HikariDataSource - HikariPool-5 - Shutdown completed.
]]></system-out>
  </testcase>
  <testcase name="getEmployeesTest" classname="com.example.weblibrary.controller.EmployeeTest" time="0.014">
    <system-out><![CDATA[
  .   ____          _            __ _ _
 /\\ / ___'_ __ _ _(_)_ __  __ _ \ \ \ \
( ( )\___ | '_ | '_| | '_ \/ _` | \ \ \ \
 \\/  ___)| |_)| | | | | || (_| |  ) ) ) )
  '  |____| .__|_| |_|_| |_\__, | / / / /
 =========|_|==============|___/=/_/_/_/
 :: Spring Boot ::                (v3.1.0)

20:57:12.616 [main] INFO  c.e.w.controller.EmployeeTest - Starting EmployeeTest using Java 20.0.2 with PID 1956 (started by Ruslan in C:\Users\Ruslan\IdeaProjects\Spring_Boot_MVC)
20:57:12.616 [main] INFO  c.e.w.controller.EmployeeTest - No active profile set, falling back to 1 default profile: "default"
20:57:12.707 [main] INFO  o.s.d.r.c.RepositoryConfigurationDelegate - Bootstrapping Spring Data JPA repositories in DEFAULT mode.
20:57:12.714 [main] INFO  o.s.d.r.c.RepositoryConfigurationDelegate - Finished Spring Data repository scanning in 6 ms. Found 4 JPA repository interfaces.
20:57:12.745 [main] INFO  com.zaxxer.hikari.HikariDataSource - HikariPool-6 - Starting...
20:57:12.747 [main] INFO  com.zaxxer.hikari.pool.HikariPool - HikariPool-6 - Added connection conn50: url=jdbc:h2:mem:test user=SA
20:57:12.747 [main] INFO  com.zaxxer.hikari.HikariDataSource - HikariPool-6 - Start completed.
20:57:12.747 [main] INFO  liquibase.database - Set default schema name to PUBLIC
20:57:12.762 [main] INFO  liquibase.executor - Changelog query completed.
20:57:12.762 [main] INFO  liquibase.executor - Changelog query completed.
20:57:12.763 [main] INFO  liquibase.executor - Changelog query completed.
20:57:12.763 [main] INFO  liquibase.executor - Changelog query completed.
20:57:12.764 [main] INFO  liquibase.executor - Changelog query completed.
20:57:12.764 [main] INFO  liquibase.lockservice - Successfully acquired change log lock
20:57:12.765 [main] INFO  liquibase.changelog - Creating database history table with name: PUBLIC.DATABASECHANGELOG
20:57:12.765 [main] INFO  liquibase.executor - Changelog query completed.
20:57:12.766 [main] INFO  liquibase.changelog - Reading from PUBLIC.DATABASECHANGELOG
20:57:12.766 [main] INFO  liquibase.executor - Changelog query completed.
20:57:12.767 [main] INFO  liquibase.executor - Changelog query completed.
Running Changeset: liquibase/changesets/create_employee.yml::1::developer
20:57:12.771 [main] INFO  liquibase.changelog - Table employee created
20:57:12.772 [main] INFO  liquibase.changelog - ChangeSet liquibase/changesets/create_employee.yml::1::developer ran successfully in 2ms
20:57:12.772 [main] INFO  liquibase.executor - Changelog query completed.
20:57:12.773 [main] INFO  liquibase.executor - Changelog query completed.
Running Changeset: liquibase/changesets/create_position.yml::1::developer
20:57:12.776 [main] INFO  liquibase.changelog - Table position created
20:57:12.776 [main] INFO  liquibase.changelog - ChangeSet liquibase/changesets/create_position.yml::1::developer ran successfully in 2ms
20:57:12.777 [main] INFO  liquibase.executor - Changelog query completed.
Running Changeset: liquibase/changesets/create_auth_user.yml::3::developer
20:57:12.781 [main] INFO  liquibase.changelog - Table auth_user created
20:57:12.781 [main] INFO  liquibase.changelog - ChangeSet liquibase/changesets/create_auth_user.yml::3::developer ran successfully in 3ms
20:57:12.782 [main] INFO  liquibase.executor - Changelog query completed.
Running Changeset: liquibase/changesets/create_role.yml::4::developer
20:57:12.784 [main] INFO  liquibase.changelog - Table roles created
20:57:12.785 [main] INFO  liquibase.changelog - ChangeSet liquibase/changesets/create_role.yml::4::developer ran successfully in 1ms
20:57:12.785 [main] INFO  liquibase.executor - Changelog query completed.
Running Changeset: liquibase/changesets/create_report.yml::1::developer
20:57:12.788 [main] INFO  liquibase.changelog - Table report created
20:57:12.789 [main] INFO  liquibase.changelog - ChangeSet liquibase/changesets/create_report.yml::1::developer ran successfully in 2ms
20:57:12.790 [main] INFO  liquibase.executor - Changelog query completed.
20:57:12.790 [main] INFO  liquibase - Update command completed successfully.
20:57:12.791 [main] INFO  liquibase.executor - Changelog query completed.
20:57:12.791 [main] INFO  liquibase.lockservice - Successfully released change log lock
20:57:12.802 [main] INFO  o.h.jpa.internal.util.LogHelper - HHH000204: Processing PersistenceUnitInfo [name: default]
20:57:12.806 [main] INFO  o.h.b.i.BytecodeProviderInitiator - HHH000021: Bytecode provider name : bytebuddy
20:57:12.806 [main] INFO  o.s.o.j.p.SpringPersistenceUnitInfo - No LoadTimeWeaver setup: ignoring JPA class transformer
20:57:12.807 [main] INFO  org.hibernate.orm.dialect - HHH035001: Using dialect: org.hibernate.dialect.H2Dialect, version: 2.1.214
20:57:12.818 [main] INFO  o.h.b.i.BytecodeProviderInitiator - HHH000021: Bytecode provider name : bytebuddy
20:57:12.848 [main] INFO  o.h.e.t.j.p.i.JtaPlatformInitiator - HHH000490: Using JtaPlatform implementation: [org.hibernate.engine.transaction.jta.platform.internal.NoJtaPlatform]
20:57:12.849 [main] INFO  o.s.o.j.LocalContainerEntityManagerFactoryBean - Initialized JPA EntityManagerFactory for persistence unit 'default'
20:57:12.888 [main] WARN  o.s.b.a.o.j.JpaBaseConfiguration$JpaWebConfiguration - spring.jpa.open-in-view is enabled by default. Therefore, database queries may be performed during view rendering. Explicitly configure spring.jpa.open-in-view to disable this warning
20:57:12.894 [main] INFO  o.s.s.web.DefaultSecurityFilterChain - Will secure any request with [org.springframework.security.web.session.DisableEncodeUrlFilter@74bc2a19, org.springframework.security.web.context.request.async.WebAsyncManagerIntegrationFilter@402a6c1, org.springframework.security.web.context.SecurityContextHolderFilter@5afefccc, org.springframework.security.web.header.HeaderWriterFilter@6f034a25, org.springframework.security.web.authentication.logout.LogoutFilter@69a3c55b, org.springframework.security.web.authentication.UsernamePasswordAuthenticationFilter@342be37, org.springframework.security.web.authentication.ui.DefaultLoginPageGeneratingFilter@3ad3a3ef, org.springframework.security.web.authentication.ui.DefaultLogoutPageGeneratingFilter@b93aba8, org.springframework.security.web.savedrequest.RequestCacheAwareFilter@235bbc1e, org.springframework.security.web.servletapi.SecurityContextHolderAwareRequestFilter@4ff48a56, org.springframework.security.web.authentication.AnonymousAuthenticationFilter@1d361feb, org.springframework.security.web.access.ExceptionTranslationFilter@34df1c2, org.springframework.security.web.access.intercept.AuthorizationFilter@2585437a]
20:57:13.095 [main] INFO  o.s.b.t.m.w.SpringBootMockServletContext - Initializing Spring TestDispatcherServlet ''
20:57:13.095 [main] INFO  o.s.t.w.s.TestDispatcherServlet - Initializing Servlet ''
20:57:13.096 [main] INFO  o.s.t.w.s.TestDispatcherServlet - Completed initialization in 1 ms
20:57:13.099 [main] INFO  c.e.w.controller.EmployeeTest - Started EmployeeTest in 0.496 seconds (process running for 9.0)
20:57:13.110 [main] INFO  c.e.w.service.EmployeeServiceImpl - Вызван метод getAllEmployees()
20:57:13.114 [main] INFO  o.s.o.j.LocalContainerEntityManagerFactoryBean - Closing JPA EntityManagerFactory for persistence unit 'default'
20:57:13.114 [main] INFO  com.zaxxer.hikari.HikariDataSource - HikariPool-6 - Shutdown initiated...
20:57:13.115 [main] INFO  com.zaxxer.hikari.HikariDataSource - HikariPool-6 - Shutdown completed.
]]></system-out>
  </testcase>
  <testcase name="getEmployeeWithsalaryHigherThan_Test" classname="com.example.weblibrary.controller.EmployeeTest" time="0.013">
    <system-out><![CDATA[
  .   ____          _            __ _ _
 /\\ / ___'_ __ _ _(_)_ __  __ _ \ \ \ \
( ( )\___ | '_ | '_| | '_ \/ _` | \ \ \ \
 \\/  ___)| |_)| | | | | || (_| |  ) ) ) )
  '  |____| .__|_| |_|_| |_\__, | / / / /
 =========|_|==============|___/=/_/_/_/
 :: Spring Boot ::                (v3.1.0)

20:57:13.126 [main] INFO  c.e.w.controller.EmployeeTest - Starting EmployeeTest using Java 20.0.2 with PID 1956 (started by Ruslan in C:\Users\Ruslan\IdeaProjects\Spring_Boot_MVC)
20:57:13.126 [main] INFO  c.e.w.controller.EmployeeTest - No active profile set, falling back to 1 default profile: "default"
20:57:13.210 [main] INFO  o.s.d.r.c.RepositoryConfigurationDelegate - Bootstrapping Spring Data JPA repositories in DEFAULT mode.
20:57:13.218 [main] INFO  o.s.d.r.c.RepositoryConfigurationDelegate - Finished Spring Data repository scanning in 7 ms. Found 4 JPA repository interfaces.
20:57:13.253 [main] INFO  com.zaxxer.hikari.HikariDataSource - HikariPool-7 - Starting...
20:57:13.254 [main] INFO  com.zaxxer.hikari.pool.HikariPool - HikariPool-7 - Added connection conn60: url=jdbc:h2:mem:test user=SA
20:57:13.254 [main] INFO  com.zaxxer.hikari.HikariDataSource - HikariPool-7 - Start completed.
20:57:13.255 [main] INFO  liquibase.database - Set default schema name to PUBLIC
20:57:13.270 [main] INFO  liquibase.executor - Changelog query completed.
20:57:13.271 [main] INFO  liquibase.executor - Changelog query completed.
20:57:13.271 [main] INFO  liquibase.executor - Changelog query completed.
20:57:13.272 [main] INFO  liquibase.executor - Changelog query completed.
20:57:13.272 [main] INFO  liquibase.executor - Changelog query completed.
20:57:13.272 [main] INFO  liquibase.lockservice - Successfully acquired change log lock
20:57:13.273 [main] INFO  liquibase.changelog - Creating database history table with name: PUBLIC.DATABASECHANGELOG
20:57:13.274 [main] INFO  liquibase.executor - Changelog query completed.
20:57:13.274 [main] INFO  liquibase.changelog - Reading from PUBLIC.DATABASECHANGELOG
20:57:13.275 [main] INFO  liquibase.executor - Changelog query completed.
20:57:13.275 [main] INFO  liquibase.executor - Changelog query completed.
Running Changeset: liquibase/changesets/create_employee.yml::1::developer
20:57:13.278 [main] INFO  liquibase.changelog - Table employee created
20:57:13.278 [main] INFO  liquibase.changelog - ChangeSet liquibase/changesets/create_employee.yml::1::developer ran successfully in 1ms
20:57:13.279 [main] INFO  liquibase.executor - Changelog query completed.
20:57:13.279 [main] INFO  liquibase.executor - Changelog query completed.
Running Changeset: liquibase/changesets/create_position.yml::1::developer
20:57:13.280 [main] INFO  liquibase.changelog - Table position created
20:57:13.280 [main] INFO  liquibase.changelog - ChangeSet liquibase/changesets/create_position.yml::1::developer ran successfully in 1ms
20:57:13.280 [main] INFO  liquibase.executor - Changelog query completed.
Running Changeset: liquibase/changesets/create_auth_user.yml::3::developer
20:57:13.281 [main] INFO  liquibase.changelog - Table auth_user created
20:57:13.281 [main] INFO  liquibase.changelog - ChangeSet liquibase/changesets/create_auth_user.yml::3::developer ran successfully in 1ms
20:57:13.282 [main] INFO  liquibase.executor - Changelog query completed.
Running Changeset: liquibase/changesets/create_role.yml::4::developer
20:57:13.283 [main] INFO  liquibase.changelog - Table roles created
20:57:13.283 [main] INFO  liquibase.changelog - ChangeSet liquibase/changesets/create_role.yml::4::developer ran successfully in 1ms
20:57:13.284 [main] INFO  liquibase.executor - Changelog query completed.
Running Changeset: liquibase/changesets/create_report.yml::1::developer
20:57:13.284 [main] INFO  liquibase.changelog - Table report created
20:57:13.285 [main] INFO  liquibase.changelog - ChangeSet liquibase/changesets/create_report.yml::1::developer ran successfully in 1ms
20:57:13.285 [main] INFO  liquibase.executor - Changelog query completed.
20:57:13.285 [main] INFO  liquibase - Update command completed successfully.
20:57:13.285 [main] INFO  liquibase.executor - Changelog query completed.
20:57:13.285 [main] INFO  liquibase.lockservice - Successfully released change log lock
20:57:13.294 [main] INFO  o.h.jpa.internal.util.LogHelper - HHH000204: Processing PersistenceUnitInfo [name: default]
20:57:13.297 [main] INFO  o.h.b.i.BytecodeProviderInitiator - HHH000021: Bytecode provider name : bytebuddy
20:57:13.298 [main] INFO  o.s.o.j.p.SpringPersistenceUnitInfo - No LoadTimeWeaver setup: ignoring JPA class transformer
20:57:13.298 [main] INFO  org.hibernate.orm.dialect - HHH035001: Using dialect: org.hibernate.dialect.H2Dialect, version: 2.1.214
20:57:13.305 [main] INFO  o.h.b.i.BytecodeProviderInitiator - HHH000021: Bytecode provider name : bytebuddy
20:57:13.329 [main] INFO  o.h.e.t.j.p.i.JtaPlatformInitiator - HHH000490: Using JtaPlatform implementation: [org.hibernate.engine.transaction.jta.platform.internal.NoJtaPlatform]
20:57:13.329 [main] INFO  o.s.o.j.LocalContainerEntityManagerFactoryBean - Initialized JPA EntityManagerFactory for persistence unit 'default'
20:57:13.365 [main] WARN  o.s.b.a.o.j.JpaBaseConfiguration$JpaWebConfiguration - spring.jpa.open-in-view is enabled by default. Therefore, database queries may be performed during view rendering. Explicitly configure spring.jpa.open-in-view to disable this warning
20:57:13.371 [main] INFO  o.s.s.web.DefaultSecurityFilterChain - Will secure any request with [org.springframework.security.web.session.DisableEncodeUrlFilter@1c6dfdb1, org.springframework.security.web.context.request.async.WebAsyncManagerIntegrationFilter@54c542df, org.springframework.security.web.context.SecurityContextHolderFilter@40fef04c, org.springframework.security.web.header.HeaderWriterFilter@23ea8293, org.springframework.security.web.authentication.logout.LogoutFilter@5698fc85, org.springframework.security.web.authentication.UsernamePasswordAuthenticationFilter@d804450, org.springframework.security.web.authentication.ui.DefaultLoginPageGeneratingFilter@417ea5, org.springframework.security.web.authentication.ui.DefaultLogoutPageGeneratingFilter@68548f59, org.springframework.security.web.savedrequest.RequestCacheAwareFilter@1e2ffb8e, org.springframework.security.web.servletapi.SecurityContextHolderAwareRequestFilter@77c894d5, org.springframework.security.web.authentication.AnonymousAuthenticationFilter@6779f4c7, org.springframework.security.web.access.ExceptionTranslationFilter@219912ec, org.springframework.security.web.access.intercept.AuthorizationFilter@6e7a4af4]
20:57:13.572 [main] INFO  o.s.b.t.m.w.SpringBootMockServletContext - Initializing Spring TestDispatcherServlet ''
20:57:13.572 [main] INFO  o.s.t.w.s.TestDispatcherServlet - Initializing Servlet ''
20:57:13.572 [main] INFO  o.s.t.w.s.TestDispatcherServlet - Completed initialization in 0 ms
20:57:13.575 [main] INFO  c.e.w.controller.EmployeeTest - Started EmployeeTest in 0.459 seconds (process running for 9.476)
20:57:13.585 [main] INFO  c.e.w.service.EmployeeServiceImpl - Вызван метод getAllEmployees()
20:57:13.585 [main] INFO  c.e.w.service.EmployeeServiceImpl - Запрошены сотрудники с зарплатой большей чем 15000
20:57:13.588 [main] INFO  o.s.o.j.LocalContainerEntityManagerFactoryBean - Closing JPA EntityManagerFactory for persistence unit 'default'
20:57:13.589 [main] INFO  com.zaxxer.hikari.HikariDataSource - HikariPool-7 - Shutdown initiated...
20:57:13.589 [main] INFO  com.zaxxer.hikari.HikariDataSource - HikariPool-7 - Shutdown completed.
]]></system-out>
  </testcase>
  <testcase name="deleteEmployee_Test" classname="com.example.weblibrary.controller.EmployeeTest" time="0.023">
    <system-out><![CDATA[
  .   ____          _            __ _ _
 /\\ / ___'_ __ _ _(_)_ __  __ _ \ \ \ \
( ( )\___ | '_ | '_| | '_ \/ _` | \ \ \ \
 \\/  ___)| |_)| | | | | || (_| |  ) ) ) )
  '  |____| .__|_| |_|_| |_\__, | / / / /
 =========|_|==============|___/=/_/_/_/
 :: Spring Boot ::                (v3.1.0)

20:57:13.601 [main] INFO  c.e.w.controller.EmployeeTest - Starting EmployeeTest using Java 20.0.2 with PID 1956 (started by Ruslan in C:\Users\Ruslan\IdeaProjects\Spring_Boot_MVC)
20:57:13.601 [main] INFO  c.e.w.controller.EmployeeTest - No active profile set, falling back to 1 default profile: "default"
20:57:13.680 [main] INFO  o.s.d.r.c.RepositoryConfigurationDelegate - Bootstrapping Spring Data JPA repositories in DEFAULT mode.
20:57:13.686 [main] INFO  o.s.d.r.c.RepositoryConfigurationDelegate - Finished Spring Data repository scanning in 6 ms. Found 4 JPA repository interfaces.
20:57:13.715 [main] INFO  com.zaxxer.hikari.HikariDataSource - HikariPool-8 - Starting...
20:57:13.716 [main] INFO  com.zaxxer.hikari.pool.HikariPool - HikariPool-8 - Added connection conn70: url=jdbc:h2:mem:test user=SA
20:57:13.716 [main] INFO  com.zaxxer.hikari.HikariDataSource - HikariPool-8 - Start completed.
20:57:13.716 [main] INFO  liquibase.database - Set default schema name to PUBLIC
20:57:13.726 [main] INFO  liquibase.executor - Changelog query completed.
20:57:13.726 [main] INFO  liquibase.executor - Changelog query completed.
20:57:13.726 [main] INFO  liquibase.executor - Changelog query completed.
20:57:13.727 [main] INFO  liquibase.executor - Changelog query completed.
20:57:13.727 [main] INFO  liquibase.executor - Changelog query completed.
20:57:13.727 [main] INFO  liquibase.lockservice - Successfully acquired change log lock
20:57:13.728 [main] INFO  liquibase.changelog - Creating database history table with name: PUBLIC.DATABASECHANGELOG
20:57:13.728 [main] INFO  liquibase.executor - Changelog query completed.
20:57:13.729 [main] INFO  liquibase.changelog - Reading from PUBLIC.DATABASECHANGELOG
20:57:13.729 [main] INFO  liquibase.executor - Changelog query completed.
20:57:13.729 [main] INFO  liquibase.executor - Changelog query completed.
Running Changeset: liquibase/changesets/create_employee.yml::1::developer
20:57:13.732 [main] INFO  liquibase.changelog - Table employee created
20:57:13.732 [main] INFO  liquibase.changelog - ChangeSet liquibase/changesets/create_employee.yml::1::developer ran successfully in 1ms
20:57:13.733 [main] INFO  liquibase.executor - Changelog query completed.
20:57:13.733 [main] INFO  liquibase.executor - Changelog query completed.
Running Changeset: liquibase/changesets/create_position.yml::1::developer
20:57:13.734 [main] INFO  liquibase.changelog - Table position created
20:57:13.734 [main] INFO  liquibase.changelog - ChangeSet liquibase/changesets/create_position.yml::1::developer ran successfully in 1ms
20:57:13.735 [main] INFO  liquibase.executor - Changelog query completed.
Running Changeset: liquibase/changesets/create_auth_user.yml::3::developer
20:57:13.736 [main] INFO  liquibase.changelog - Table auth_user created
20:57:13.736 [main] INFO  liquibase.changelog - ChangeSet liquibase/changesets/create_auth_user.yml::3::developer ran successfully in 1ms
20:57:13.736 [main] INFO  liquibase.executor - Changelog query completed.
Running Changeset: liquibase/changesets/create_role.yml::4::developer
20:57:13.737 [main] INFO  liquibase.changelog - Table roles created
20:57:13.737 [main] INFO  liquibase.changelog - ChangeSet liquibase/changesets/create_role.yml::4::developer ran successfully in 1ms
20:57:13.738 [main] INFO  liquibase.executor - Changelog query completed.
Running Changeset: liquibase/changesets/create_report.yml::1::developer
20:57:13.739 [main] INFO  liquibase.changelog - Table report created
20:57:13.739 [main] INFO  liquibase.changelog - ChangeSet liquibase/changesets/create_report.yml::1::developer ran successfully in 1ms
20:57:13.740 [main] INFO  liquibase.executor - Changelog query completed.
20:57:13.740 [main] INFO  liquibase - Update command completed successfully.
20:57:13.740 [main] INFO  liquibase.executor - Changelog query completed.
20:57:13.741 [main] INFO  liquibase.lockservice - Successfully released change log lock
20:57:13.749 [main] INFO  o.h.jpa.internal.util.LogHelper - HHH000204: Processing PersistenceUnitInfo [name: default]
20:57:13.752 [main] INFO  o.h.b.i.BytecodeProviderInitiator - HHH000021: Bytecode provider name : bytebuddy
20:57:13.752 [main] INFO  o.s.o.j.p.SpringPersistenceUnitInfo - No LoadTimeWeaver setup: ignoring JPA class transformer
20:57:13.753 [main] INFO  org.hibernate.orm.dialect - HHH035001: Using dialect: org.hibernate.dialect.H2Dialect, version: 2.1.214
20:57:13.759 [main] INFO  o.h.b.i.BytecodeProviderInitiator - HHH000021: Bytecode provider name : bytebuddy
20:57:13.780 [main] INFO  o.h.e.t.j.p.i.JtaPlatformInitiator - HHH000490: Using JtaPlatform implementation: [org.hibernate.engine.transaction.jta.platform.internal.NoJtaPlatform]
20:57:13.780 [main] INFO  o.s.o.j.LocalContainerEntityManagerFactoryBean - Initialized JPA EntityManagerFactory for persistence unit 'default'
20:57:13.811 [main] WARN  o.s.b.a.o.j.JpaBaseConfiguration$JpaWebConfiguration - spring.jpa.open-in-view is enabled by default. Therefore, database queries may be performed during view rendering. Explicitly configure spring.jpa.open-in-view to disable this warning
20:57:13.816 [main] INFO  o.s.s.web.DefaultSecurityFilterChain - Will secure any request with [org.springframework.security.web.session.DisableEncodeUrlFilter@dc62b3c, org.springframework.security.web.context.request.async.WebAsyncManagerIntegrationFilter@17020207, org.springframework.security.web.context.SecurityContextHolderFilter@43aad2e3, org.springframework.security.web.header.HeaderWriterFilter@64004f10, org.springframework.security.web.authentication.logout.LogoutFilter@5cbe7bb8, org.springframework.security.web.authentication.UsernamePasswordAuthenticationFilter@228af76e, org.springframework.security.web.authentication.ui.DefaultLoginPageGeneratingFilter@64eb6eda, org.springframework.security.web.authentication.ui.DefaultLogoutPageGeneratingFilter@2321c420, org.springframework.security.web.savedrequest.RequestCacheAwareFilter@1bd6c0de, org.springframework.security.web.servletapi.SecurityContextHolderAwareRequestFilter@2f5d95b, org.springframework.security.web.authentication.AnonymousAuthenticationFilter@566576ad, org.springframework.security.web.access.ExceptionTranslationFilter@7ffcd8df, org.springframework.security.web.access.intercept.AuthorizationFilter@4f8f7314]
20:57:14.002 [main] INFO  o.s.b.t.m.w.SpringBootMockServletContext - Initializing Spring TestDispatcherServlet ''
20:57:14.002 [main] INFO  o.s.t.w.s.TestDispatcherServlet - Initializing Servlet ''
20:57:14.002 [main] INFO  o.s.t.w.s.TestDispatcherServlet - Completed initialization in 0 ms
20:57:14.005 [main] INFO  c.e.w.controller.EmployeeTest - Started EmployeeTest in 0.415 seconds (process running for 9.907)
20:57:14.020 [main] INFO  c.e.w.service.EmployeeServiceImpl - Сотрудник с ID 3удалён
20:57:14.024 [main] INFO  c.e.w.service.EmployeeServiceImpl - Вызван метод getAllEmployees()
20:57:14.028 [main] INFO  o.s.o.j.LocalContainerEntityManagerFactoryBean - Closing JPA EntityManagerFactory for persistence unit 'default'
20:57:14.028 [main] INFO  com.zaxxer.hikari.HikariDataSource - HikariPool-8 - Shutdown initiated...
20:57:14.029 [main] INFO  com.zaxxer.hikari.HikariDataSource - HikariPool-8 - Shutdown completed.
]]></system-out>
  </testcase>
</testsuite>