<?xml version="1.0" encoding="UTF-8"?>
<testsuite xmlns:xsi="http://www.w3.org/2001/XMLSchema-instance" xsi:noNamespaceSchemaLocation="https://maven.apache.org/surefire/maven-surefire-plugin/xsd/surefire-test-report-3.0.xsd" version="3.0" name="com.example.weblibrary.controller.EmployeeTest" time="8.614" tests="8" errors="0" skipped="0" failures="0">
  <properties>
[...]
</properties>
  <testcase name="getEmployeeWithHighestSalary" classname="com.example.weblibrary.controller.EmployeeTest" time="0.6">
    <system-out><![CDATA[18:05:49.956 [main] INFO  o.s.t.c.s.AnnotationConfigContextLoaderUtils - Could not detect default configuration classes for test class [com.example.weblibrary.controller.EmployeeTest]: EmployeeTest does not declare any static, non-private, non-final, nested classes annotated with @Configuration.
18:05:50.053 [main] INFO  o.s.b.t.c.SpringBootTestContextBootstrapper - Found @SpringBootConfiguration com.example.weblibrary.WebLibraryApplication for test class com.example.weblibrary.controller.EmployeeTest

  .   ____          _            __ _ _
 /\\ / ___'_ __ _ _(_)_ __  __ _ \ \ \ \
( ( )\___ | '_ | '_| | '_ \/ _` | \ \ \ \
 \\/  ___)| |_)| | | | | || (_| |  ) ) ) )
  '  |____| .__|_| |_|_| |_\__, | / / / /
 =========|_|==============|___/=/_/_/_/
 :: Spring Boot ::                (v3.1.0)

18:05:50.307 [main] INFO  c.e.w.controller.EmployeeTest - Starting EmployeeTest using Java 20.0.2 with PID 6152 (started by Ruslan in C:\Users\Ruslan\IdeaProjects\Spring_Boot_MVC)
18:05:50.308 [main] INFO  c.e.w.controller.EmployeeTest - No active profile set, falling back to 1 default profile: "default"
18:05:50.794 [main] INFO  o.s.d.r.c.RepositoryConfigurationDelegate - Bootstrapping Spring Data JPA repositories in DEFAULT mode.
18:05:50.834 [main] INFO  o.s.d.r.c.RepositoryConfigurationDelegate - Finished Spring Data repository scanning in 33 ms. Found 4 JPA repository interfaces.
18:05:51.125 [main] INFO  com.zaxxer.hikari.HikariDataSource - HikariPool-1 - Starting...
18:05:51.298 [main] INFO  com.zaxxer.hikari.pool.HikariPool - HikariPool-1 - Added connection org.postgresql.jdbc.PgConnection@14de1901
18:05:51.300 [main] INFO  com.zaxxer.hikari.HikariDataSource - HikariPool-1 - Start completed.
18:05:51.400 [main] INFO  liquibase.database - Set default schema name to public
18:05:51.651 [main] INFO  liquibase.executor - Changelog query completed.
18:05:51.657 [main] INFO  liquibase.executor - Changelog query completed.
18:05:51.661 [main] INFO  liquibase.executor - Changelog query completed.
18:05:51.665 [main] INFO  liquibase.executor - Changelog query completed.
18:05:51.668 [main] INFO  liquibase.executor - Changelog query completed.
18:05:51.670 [main] INFO  liquibase.lockservice - Successfully acquired change log lock
18:05:51.682 [main] INFO  liquibase.changelog - Creating database history table with name: public.databasechangelog
18:05:51.688 [main] INFO  liquibase.executor - Changelog query completed.
18:05:51.690 [main] INFO  liquibase.changelog - Reading from public.databasechangelog
18:05:51.692 [main] INFO  liquibase.executor - Changelog query completed.
18:05:51.695 [main] INFO  liquibase.executor - Changelog query completed.
Running Changeset: liquibase/changesets/create_employee.yml::1::developer
18:05:51.729 [main] INFO  liquibase.changelog - Table employee created
18:05:51.731 [main] INFO  liquibase.changelog - ChangeSet liquibase/changesets/create_employee.yml::1::developer ran successfully in 9ms
18:05:51.734 [main] INFO  liquibase.executor - Changelog query completed.
18:05:51.735 [main] INFO  liquibase.executor - Changelog query completed.
Running Changeset: liquibase/changesets/create_position.yml::1::developer
18:05:51.744 [main] INFO  liquibase.changelog - Table position created
18:05:51.746 [main] INFO  liquibase.changelog - ChangeSet liquibase/changesets/create_position.yml::1::developer ran successfully in 8ms
18:05:51.748 [main] INFO  liquibase.executor - Changelog query completed.
Running Changeset: liquibase/changesets/create_auth_user.yml::3::developer
18:05:51.758 [main] INFO  liquibase.changelog - Table auth_user created
18:05:51.760 [main] INFO  liquibase.changelog - ChangeSet liquibase/changesets/create_auth_user.yml::3::developer ran successfully in 10ms
18:05:51.763 [main] INFO  liquibase.executor - Changelog query completed.
Running Changeset: liquibase/changesets/create_role.yml::4::developer
18:05:51.771 [main] INFO  liquibase.changelog - Table roles created
18:05:51.773 [main] INFO  liquibase.changelog - ChangeSet liquibase/changesets/create_role.yml::4::developer ran successfully in 8ms
18:05:51.776 [main] INFO  liquibase.executor - Changelog query completed.
Running Changeset: liquibase/changesets/create_report.yml::1::developer
18:05:51.783 [main] INFO  liquibase.changelog - Table report created
18:05:51.784 [main] INFO  liquibase.changelog - ChangeSet liquibase/changesets/create_report.yml::1::developer ran successfully in 6ms
18:05:51.786 [main] INFO  liquibase.executor - Changelog query completed.
18:05:51.788 [main] INFO  liquibase - Update command completed successfully.
18:05:51.791 [main] INFO  liquibase.executor - Changelog query completed.
18:05:51.793 [main] INFO  liquibase.lockservice - Successfully released change log lock
18:05:51.882 [main] INFO  o.h.jpa.internal.util.LogHelper - HHH000204: Processing PersistenceUnitInfo [name: default]
18:05:51.925 [main] INFO  org.hibernate.Version - HHH000412: Hibernate ORM core version 6.2.2.Final
18:05:51.927 [main] INFO  org.hibernate.cfg.Environment - HHH000406: Using bytecode reflection optimizer
18:05:52.034 [main] INFO  o.h.b.i.BytecodeProviderInitiator - HHH000021: Bytecode provider name : bytebuddy
18:05:52.118 [main] INFO  o.s.o.j.p.SpringPersistenceUnitInfo - No LoadTimeWeaver setup: ignoring JPA class transformer
18:05:52.151 [main] INFO  org.hibernate.orm.dialect - HHH035001: Using dialect: org.hibernate.dialect.PostgreSQLDialect, version: org.hibernate.engine.jdbc.env.internal.JdbcEnvironmentInitiator$DialectResolutionInfoImpl@ec3944
18:05:52.299 [main] INFO  o.h.b.i.BytecodeProviderInitiator - HHH000021: Bytecode provider name : bytebuddy
18:05:52.736 [main] INFO  o.h.e.t.j.p.i.JtaPlatformInitiator - HHH000490: Using JtaPlatform implementation: [org.hibernate.engine.transaction.jta.platform.internal.NoJtaPlatform]
18:05:52.738 [main] INFO  o.s.o.j.LocalContainerEntityManagerFactoryBean - Initialized JPA EntityManagerFactory for persistence unit 'default'
18:05:52.975 [main] INFO  o.s.d.j.r.query.QueryEnhancerFactory - Hibernate is in classpath; If applicable, HQL parser will be used.
18:05:53.378 [main] WARN  o.s.b.a.o.j.JpaBaseConfiguration$JpaWebConfiguration - spring.jpa.open-in-view is enabled by default. Therefore, database queries may be performed during view rendering. Explicitly configure spring.jpa.open-in-view to disable this warning
18:05:53.446 [main] INFO  o.s.s.web.DefaultSecurityFilterChain - Will secure any request with [org.springframework.security.web.session.DisableEncodeUrlFilter@7b0eb7e, org.springframework.security.web.context.request.async.WebAsyncManagerIntegrationFilter@2381a837, org.springframework.security.web.context.SecurityContextHolderFilter@3f31ccef, org.springframework.security.web.header.HeaderWriterFilter@1c38d025, org.springframework.security.web.authentication.logout.LogoutFilter@25297d52, org.springframework.security.web.authentication.UsernamePasswordAuthenticationFilter@6757ed9e, org.springframework.security.web.authentication.ui.DefaultLoginPageGeneratingFilter@4e43a23a, org.springframework.security.web.authentication.ui.DefaultLogoutPageGeneratingFilter@7be29ac4, org.springframework.security.web.savedrequest.RequestCacheAwareFilter@6f0ea5de, org.springframework.security.web.servletapi.SecurityContextHolderAwareRequestFilter@5127de08, org.springframework.security.web.authentication.AnonymousAuthenticationFilter@2523730b, org.springframework.security.web.access.ExceptionTranslationFilter@1e3469df, org.springframework.security.web.access.intercept.AuthorizationFilter@30628ef9]
18:05:54.199 [main] INFO  o.s.b.t.m.w.SpringBootMockServletContext - Initializing Spring TestDispatcherServlet ''
18:05:54.200 [main] INFO  o.s.t.w.s.TestDispatcherServlet - Initializing Servlet ''
18:05:54.201 [main] INFO  o.s.t.w.s.TestDispatcherServlet - Completed initialization in 1 ms
18:05:54.216 [main] INFO  c.e.w.controller.EmployeeTest - Started EmployeeTest in 4.063 seconds (process running for 4.88)
18:05:54.744 [main] INFO  c.e.w.service.EmployeeServiceImpl - Вызван метод getAllEmployees()
18:05:54.747 [main] INFO  c.e.w.service.EmployeeServiceImpl - Вызван метод getAllEmployees()
18:05:54.749 [main] INFO  c.e.w.service.EmployeeServiceImpl - Вызван метод getAllEmployees()
18:05:54.751 [main] INFO  c.e.w.service.EmployeeServiceImpl - Вызван метод getAllEmployees()
18:05:54.751 [main] INFO  c.e.w.service.EmployeeServiceImpl - Запрошен сотрудник/сотрудники с максимальной зарплатой
18:05:54.817 [main] INFO  o.s.o.j.LocalContainerEntityManagerFactoryBean - Closing JPA EntityManagerFactory for persistence unit 'default'
18:05:54.819 [main] INFO  com.zaxxer.hikari.HikariDataSource - HikariPool-1 - Shutdown initiated...
18:05:54.821 [main] INFO  com.zaxxer.hikari.HikariDataSource - HikariPool-1 - Shutdown completed.
]]></system-out>
  </testcase>
  <testcase name="addEmployeeFromFile" classname="com.example.weblibrary.controller.EmployeeTest" time="0.061">
    <system-out><![CDATA[
  .   ____          _            __ _ _
 /\\ / ___'_ __ _ _(_)_ __  __ _ \ \ \ \
( ( )\___ | '_ | '_| | '_ \/ _` | \ \ \ \
 \\/  ___)| |_)| | | | | || (_| |  ) ) ) )
  '  |____| .__|_| |_|_| |_\__, | / / / /
 =========|_|==============|___/=/_/_/_/
 :: Spring Boot ::                (v3.1.0)

18:05:54.843 [main] INFO  c.e.w.controller.EmployeeTest - Starting EmployeeTest using Java 20.0.2 with PID 6152 (started by Ruslan in C:\Users\Ruslan\IdeaProjects\Spring_Boot_MVC)
18:05:54.843 [main] INFO  c.e.w.controller.EmployeeTest - No active profile set, falling back to 1 default profile: "default"
18:05:54.952 [main] INFO  o.s.d.r.c.RepositoryConfigurationDelegate - Bootstrapping Spring Data JPA repositories in DEFAULT mode.
18:05:54.960 [main] INFO  o.s.d.r.c.RepositoryConfigurationDelegate - Finished Spring Data repository scanning in 7 ms. Found 4 JPA repository interfaces.
18:05:55.001 [main] INFO  com.zaxxer.hikari.HikariDataSource - HikariPool-2 - Starting...
18:05:55.010 [main] INFO  com.zaxxer.hikari.pool.HikariPool - HikariPool-2 - Added connection org.postgresql.jdbc.PgConnection@47585784
18:05:55.010 [main] INFO  com.zaxxer.hikari.HikariDataSource - HikariPool-2 - Start completed.
18:05:55.016 [main] INFO  liquibase.database - Set default schema name to public
18:05:55.027 [main] INFO  liquibase.changelog - Reading from public.databasechangelog
18:05:55.029 [main] INFO  liquibase.executor - Changelog query completed.
Database is up to date, no changesets to execute
18:05:55.049 [main] INFO  o.h.jpa.internal.util.LogHelper - HHH000204: Processing PersistenceUnitInfo [name: default]
18:05:55.053 [main] INFO  o.h.b.i.BytecodeProviderInitiator - HHH000021: Bytecode provider name : bytebuddy
18:05:55.054 [main] INFO  o.s.o.j.p.SpringPersistenceUnitInfo - No LoadTimeWeaver setup: ignoring JPA class transformer
18:05:55.056 [main] INFO  org.hibernate.orm.dialect - HHH035001: Using dialect: org.hibernate.dialect.PostgreSQLDialect, version: org.hibernate.engine.jdbc.env.internal.JdbcEnvironmentInitiator$DialectResolutionInfoImpl@15f8b713
18:05:55.064 [main] INFO  o.h.b.i.BytecodeProviderInitiator - HHH000021: Bytecode provider name : bytebuddy
18:05:55.093 [main] INFO  o.h.e.t.j.p.i.JtaPlatformInitiator - HHH000490: Using JtaPlatform implementation: [org.hibernate.engine.transaction.jta.platform.internal.NoJtaPlatform]
18:05:55.093 [main] INFO  o.s.o.j.LocalContainerEntityManagerFactoryBean - Initialized JPA EntityManagerFactory for persistence unit 'default'
18:05:55.142 [main] WARN  o.s.b.a.o.j.JpaBaseConfiguration$JpaWebConfiguration - spring.jpa.open-in-view is enabled by default. Therefore, database queries may be performed during view rendering. Explicitly configure spring.jpa.open-in-view to disable this warning
18:05:55.148 [main] INFO  o.s.s.web.DefaultSecurityFilterChain - Will secure any request with [org.springframework.security.web.session.DisableEncodeUrlFilter@745b4ed4, org.springframework.security.web.context.request.async.WebAsyncManagerIntegrationFilter@250b6762, org.springframework.security.web.context.SecurityContextHolderFilter@47fbf070, org.springframework.security.web.header.HeaderWriterFilter@70886b0e, org.springframework.security.web.authentication.logout.LogoutFilter@7fa9b7f4, org.springframework.security.web.authentication.UsernamePasswordAuthenticationFilter@467f47f8, org.springframework.security.web.authentication.ui.DefaultLoginPageGeneratingFilter@36a74c18, org.springframework.security.web.authentication.ui.DefaultLogoutPageGeneratingFilter@22448db4, org.springframework.security.web.savedrequest.RequestCacheAwareFilter@408227af, org.springframework.security.web.servletapi.SecurityContextHolderAwareRequestFilter@54497a5, org.springframework.security.web.authentication.AnonymousAuthenticationFilter@1eb85e83, org.springframework.security.web.access.ExceptionTranslationFilter@309eb3a1, org.springframework.security.web.access.intercept.AuthorizationFilter@52baae51]
18:05:55.450 [main] INFO  o.s.b.t.m.w.SpringBootMockServletContext - Initializing Spring TestDispatcherServlet ''
18:05:55.450 [main] INFO  o.s.t.w.s.TestDispatcherServlet - Initializing Servlet ''
18:05:55.450 [main] INFO  o.s.t.w.s.TestDispatcherServlet - Completed initialization in 0 ms
18:05:55.454 [main] INFO  c.e.w.controller.EmployeeTest - Started EmployeeTest in 0.624 seconds (process running for 6.118)
18:05:55.494 [main] INFO  c.e.w.service.EmployeeServiceImpl - Вызван метод uploadEmployees
18:05:55.503 [main] INFO  c.e.w.service.EmployeeServiceImpl - Вызван метод getAllEmployees()
18:05:55.514 [main] INFO  o.s.o.j.LocalContainerEntityManagerFactoryBean - Closing JPA EntityManagerFactory for persistence unit 'default'
18:05:55.514 [main] INFO  com.zaxxer.hikari.HikariDataSource - HikariPool-2 - Shutdown initiated...
18:05:55.516 [main] INFO  com.zaxxer.hikari.HikariDataSource - HikariPool-2 - Shutdown completed.
]]></system-out>
  </testcase>
  <testcase name="givenNoBody_whenEmptyJsonArray" classname="com.example.weblibrary.controller.EmployeeTest" time="0.044">
    <system-out><![CDATA[
  .   ____          _            __ _ _
 /\\ / ___'_ __ _ _(_)_ __  __ _ \ \ \ \
( ( )\___ | '_ | '_| | '_ \/ _` | \ \ \ \
 \\/  ___)| |_)| | | | | || (_| |  ) ) ) )
  '  |____| .__|_| |_|_| |_\__, | / / / /
 =========|_|==============|___/=/_/_/_/
 :: Spring Boot ::                (v3.1.0)

18:05:55.531 [main] INFO  c.e.w.controller.EmployeeTest - Starting EmployeeTest using Java 20.0.2 with PID 6152 (started by Ruslan in C:\Users\Ruslan\IdeaProjects\Spring_Boot_MVC)
18:05:55.531 [main] INFO  c.e.w.controller.EmployeeTest - No active profile set, falling back to 1 default profile: "default"
18:05:55.625 [main] INFO  o.s.d.r.c.RepositoryConfigurationDelegate - Bootstrapping Spring Data JPA repositories in DEFAULT mode.
18:05:55.633 [main] INFO  o.s.d.r.c.RepositoryConfigurationDelegate - Finished Spring Data repository scanning in 7 ms. Found 4 JPA repository interfaces.
18:05:55.671 [main] INFO  com.zaxxer.hikari.HikariDataSource - HikariPool-3 - Starting...
18:05:55.681 [main] INFO  com.zaxxer.hikari.pool.HikariPool - HikariPool-3 - Added connection org.postgresql.jdbc.PgConnection@3d7c21b7
18:05:55.681 [main] INFO  com.zaxxer.hikari.HikariDataSource - HikariPool-3 - Start completed.
18:05:55.687 [main] INFO  liquibase.database - Set default schema name to public
18:05:55.697 [main] INFO  liquibase.changelog - Reading from public.databasechangelog
18:05:55.699 [main] INFO  liquibase.executor - Changelog query completed.
Database is up to date, no changesets to execute
18:05:55.714 [main] INFO  o.h.jpa.internal.util.LogHelper - HHH000204: Processing PersistenceUnitInfo [name: default]
18:05:55.718 [main] INFO  o.h.b.i.BytecodeProviderInitiator - HHH000021: Bytecode provider name : bytebuddy
18:05:55.719 [main] INFO  o.s.o.j.p.SpringPersistenceUnitInfo - No LoadTimeWeaver setup: ignoring JPA class transformer
18:05:55.720 [main] INFO  org.hibernate.orm.dialect - HHH035001: Using dialect: org.hibernate.dialect.PostgreSQLDialect, version: org.hibernate.engine.jdbc.env.internal.JdbcEnvironmentInitiator$DialectResolutionInfoImpl@15652e7e
18:05:55.729 [main] INFO  o.h.b.i.BytecodeProviderInitiator - HHH000021: Bytecode provider name : bytebuddy
18:05:55.756 [main] INFO  o.h.e.t.j.p.i.JtaPlatformInitiator - HHH000490: Using JtaPlatform implementation: [org.hibernate.engine.transaction.jta.platform.internal.NoJtaPlatform]
18:05:55.756 [main] INFO  o.s.o.j.LocalContainerEntityManagerFactoryBean - Initialized JPA EntityManagerFactory for persistence unit 'default'
18:05:55.797 [main] WARN  o.s.b.a.o.j.JpaBaseConfiguration$JpaWebConfiguration - spring.jpa.open-in-view is enabled by default. Therefore, database queries may be performed during view rendering. Explicitly configure spring.jpa.open-in-view to disable this warning
18:05:55.803 [main] INFO  o.s.s.web.DefaultSecurityFilterChain - Will secure any request with [org.springframework.security.web.session.DisableEncodeUrlFilter@78cbb140, org.springframework.security.web.context.request.async.WebAsyncManagerIntegrationFilter@72a14347, org.springframework.security.web.context.SecurityContextHolderFilter@32ebfde1, org.springframework.security.web.header.HeaderWriterFilter@6c946b14, org.springframework.security.web.authentication.logout.LogoutFilter@1234d9f6, org.springframework.security.web.authentication.UsernamePasswordAuthenticationFilter@4c843a4f, org.springframework.security.web.authentication.ui.DefaultLoginPageGeneratingFilter@b940d24, org.springframework.security.web.authentication.ui.DefaultLogoutPageGeneratingFilter@656ed510, org.springframework.security.web.savedrequest.RequestCacheAwareFilter@671275fe, org.springframework.security.web.servletapi.SecurityContextHolderAwareRequestFilter@44971269, org.springframework.security.web.authentication.AnonymousAuthenticationFilter@8d5cdb0, org.springframework.security.web.access.ExceptionTranslationFilter@5f4f8d38, org.springframework.security.web.access.intercept.AuthorizationFilter@451a5843]
18:05:56.033 [main] INFO  o.s.b.t.m.w.SpringBootMockServletContext - Initializing Spring TestDispatcherServlet ''
18:05:56.033 [main] INFO  o.s.t.w.s.TestDispatcherServlet - Initializing Servlet ''
18:05:56.033 [main] INFO  o.s.t.w.s.TestDispatcherServlet - Completed initialization in 0 ms
18:05:56.037 [main] INFO  c.e.w.controller.EmployeeTest - Started EmployeeTest in 0.517 seconds (process running for 6.701)
18:05:56.057 [main] INFO  c.e.w.service.EmployeeServiceImpl - Вызван метод getAllEmployees()
18:05:56.063 [main] INFO  o.s.o.j.LocalContainerEntityManagerFactoryBean - Closing JPA EntityManagerFactory for persistence unit 'default'
18:05:56.063 [main] INFO  com.zaxxer.hikari.HikariDataSource - HikariPool-3 - Shutdown initiated...
18:05:56.082 [main] INFO  com.zaxxer.hikari.HikariDataSource - HikariPool-3 - Shutdown completed.
]]></system-out>
  </testcase>
  <testcase name="whenNotFound_getStatus404" classname="com.example.weblibrary.controller.EmployeeTest" time="0.024">
    <system-out><![CDATA[
  .   ____          _            __ _ _
 /\\ / ___'_ __ _ _(_)_ __  __ _ \ \ \ \
( ( )\___ | '_ | '_| | '_ \/ _` | \ \ \ \
 \\/  ___)| |_)| | | | | || (_| |  ) ) ) )
  '  |____| .__|_| |_|_| |_\__, | / / / /
 =========|_|==============|___/=/_/_/_/
 :: Spring Boot ::                (v3.1.0)

18:05:56.095 [main] INFO  c.e.w.controller.EmployeeTest - Starting EmployeeTest using Java 20.0.2 with PID 6152 (started by Ruslan in C:\Users\Ruslan\IdeaProjects\Spring_Boot_MVC)
18:05:56.095 [main] INFO  c.e.w.controller.EmployeeTest - No active profile set, falling back to 1 default profile: "default"
18:05:56.181 [main] INFO  o.s.d.r.c.RepositoryConfigurationDelegate - Bootstrapping Spring Data JPA repositories in DEFAULT mode.
18:05:56.188 [main] INFO  o.s.d.r.c.RepositoryConfigurationDelegate - Finished Spring Data repository scanning in 6 ms. Found 4 JPA repository interfaces.
18:05:56.218 [main] INFO  com.zaxxer.hikari.HikariDataSource - HikariPool-4 - Starting...
18:05:56.228 [main] INFO  com.zaxxer.hikari.pool.HikariPool - HikariPool-4 - Added connection org.postgresql.jdbc.PgConnection@52891a77
18:05:56.228 [main] INFO  com.zaxxer.hikari.HikariDataSource - HikariPool-4 - Start completed.
18:05:56.233 [main] INFO  liquibase.database - Set default schema name to public
18:05:56.242 [main] INFO  liquibase.changelog - Reading from public.databasechangelog
18:05:56.244 [main] INFO  liquibase.executor - Changelog query completed.
Database is up to date, no changesets to execute
18:05:56.259 [main] INFO  o.h.jpa.internal.util.LogHelper - HHH000204: Processing PersistenceUnitInfo [name: default]
18:05:56.263 [main] INFO  o.h.b.i.BytecodeProviderInitiator - HHH000021: Bytecode provider name : bytebuddy
18:05:56.264 [main] INFO  o.s.o.j.p.SpringPersistenceUnitInfo - No LoadTimeWeaver setup: ignoring JPA class transformer
18:05:56.266 [main] INFO  org.hibernate.orm.dialect - HHH035001: Using dialect: org.hibernate.dialect.PostgreSQLDialect, version: org.hibernate.engine.jdbc.env.internal.JdbcEnvironmentInitiator$DialectResolutionInfoImpl@64d1bf9
18:05:56.276 [main] INFO  o.h.b.i.BytecodeProviderInitiator - HHH000021: Bytecode provider name : bytebuddy
18:05:56.306 [main] INFO  o.h.e.t.j.p.i.JtaPlatformInitiator - HHH000490: Using JtaPlatform implementation: [org.hibernate.engine.transaction.jta.platform.internal.NoJtaPlatform]
18:05:56.306 [main] INFO  o.s.o.j.LocalContainerEntityManagerFactoryBean - Initialized JPA EntityManagerFactory for persistence unit 'default'
18:05:56.353 [main] WARN  o.s.b.a.o.j.JpaBaseConfiguration$JpaWebConfiguration - spring.jpa.open-in-view is enabled by default. Therefore, database queries may be performed during view rendering. Explicitly configure spring.jpa.open-in-view to disable this warning
18:05:56.360 [main] INFO  o.s.s.web.DefaultSecurityFilterChain - Will secure any request with [org.springframework.security.web.session.DisableEncodeUrlFilter@58c4d427, org.springframework.security.web.context.request.async.WebAsyncManagerIntegrationFilter@1a18b38c, org.springframework.security.web.context.SecurityContextHolderFilter@51713b0f, org.springframework.security.web.header.HeaderWriterFilter@1640a06f, org.springframework.security.web.authentication.logout.LogoutFilter@770f3c94, org.springframework.security.web.authentication.UsernamePasswordAuthenticationFilter@5621a9eb, org.springframework.security.web.authentication.ui.DefaultLoginPageGeneratingFilter@1d6f8bad, org.springframework.security.web.authentication.ui.DefaultLogoutPageGeneratingFilter@27636d72, org.springframework.security.web.savedrequest.RequestCacheAwareFilter@6e0b851e, org.springframework.security.web.servletapi.SecurityContextHolderAwareRequestFilter@ebf11cd, org.springframework.security.web.authentication.AnonymousAuthenticationFilter@7c56f684, org.springframework.security.web.access.ExceptionTranslationFilter@357aa5cf, org.springframework.security.web.access.intercept.AuthorizationFilter@601bbbb6]
18:05:56.560 [main] INFO  o.s.b.t.m.w.SpringBootMockServletContext - Initializing Spring TestDispatcherServlet ''
18:05:56.560 [main] INFO  o.s.t.w.s.TestDispatcherServlet - Initializing Servlet ''
18:05:56.561 [main] INFO  o.s.t.w.s.TestDispatcherServlet - Completed initialization in 1 ms
18:05:56.567 [main] INFO  c.e.w.controller.EmployeeTest - Started EmployeeTest in 0.483 seconds (process running for 7.231)
18:05:56.580 [main] ERROR c.e.w.service.EmployeeServiceImpl - Сотрудник с ID 10 не найден
18:05:56.588 [main] ERROR c.e.w.service.EmployeeServiceImpl - Сотрудник с ID 10 не найден
18:05:56.590 [main] INFO  o.s.o.j.LocalContainerEntityManagerFactoryBean - Closing JPA EntityManagerFactory for persistence unit 'default'
18:05:56.591 [main] INFO  com.zaxxer.hikari.HikariDataSource - HikariPool-4 - Shutdown initiated...
18:05:56.594 [main] INFO  com.zaxxer.hikari.HikariDataSource - HikariPool-4 - Shutdown completed.
]]></system-out>
  </testcase>
  <testcase name="getEmployeeByPage" classname="com.example.weblibrary.controller.EmployeeTest" time="0.033">
    <system-out><![CDATA[
  .   ____          _            __ _ _
 /\\ / ___'_ __ _ _(_)_ __  __ _ \ \ \ \
( ( )\___ | '_ | '_| | '_ \/ _` | \ \ \ \
 \\/  ___)| |_)| | | | | || (_| |  ) ) ) )
  '  |____| .__|_| |_|_| |_\__, | / / / /
 =========|_|==============|___/=/_/_/_/
 :: Spring Boot ::                (v3.1.0)

18:05:56.608 [main] INFO  c.e.w.controller.EmployeeTest - Starting EmployeeTest using Java 20.0.2 with PID 6152 (started by Ruslan in C:\Users\Ruslan\IdeaProjects\Spring_Boot_MVC)
18:05:56.609 [main] INFO  c.e.w.controller.EmployeeTest - No active profile set, falling back to 1 default profile: "default"
18:05:56.694 [main] INFO  o.s.d.r.c.RepositoryConfigurationDelegate - Bootstrapping Spring Data JPA repositories in DEFAULT mode.
18:05:56.700 [main] INFO  o.s.d.r.c.RepositoryConfigurationDelegate - Finished Spring Data repository scanning in 5 ms. Found 4 JPA repository interfaces.
18:05:56.727 [main] INFO  com.zaxxer.hikari.HikariDataSource - HikariPool-5 - Starting...
18:05:56.735 [main] INFO  com.zaxxer.hikari.pool.HikariPool - HikariPool-5 - Added connection org.postgresql.jdbc.PgConnection@2429d691
18:05:56.735 [main] INFO  com.zaxxer.hikari.HikariDataSource - HikariPool-5 - Start completed.
18:05:56.740 [main] INFO  liquibase.database - Set default schema name to public
18:05:56.747 [main] INFO  liquibase.changelog - Reading from public.databasechangelog
18:05:56.749 [main] INFO  liquibase.executor - Changelog query completed.
Database is up to date, no changesets to execute
18:05:56.761 [main] INFO  o.h.jpa.internal.util.LogHelper - HHH000204: Processing PersistenceUnitInfo [name: default]
18:05:56.765 [main] INFO  o.h.b.i.BytecodeProviderInitiator - HHH000021: Bytecode provider name : bytebuddy
18:05:56.765 [main] INFO  o.s.o.j.p.SpringPersistenceUnitInfo - No LoadTimeWeaver setup: ignoring JPA class transformer
18:05:56.766 [main] INFO  org.hibernate.orm.dialect - HHH035001: Using dialect: org.hibernate.dialect.PostgreSQLDialect, version: org.hibernate.engine.jdbc.env.internal.JdbcEnvironmentInitiator$DialectResolutionInfoImpl@6967bb91
18:05:56.775 [main] INFO  o.h.b.i.BytecodeProviderInitiator - HHH000021: Bytecode provider name : bytebuddy
18:05:56.798 [main] INFO  o.h.e.t.j.p.i.JtaPlatformInitiator - HHH000490: Using JtaPlatform implementation: [org.hibernate.engine.transaction.jta.platform.internal.NoJtaPlatform]
18:05:56.798 [main] INFO  o.s.o.j.LocalContainerEntityManagerFactoryBean - Initialized JPA EntityManagerFactory for persistence unit 'default'
18:05:56.833 [main] WARN  o.s.b.a.o.j.JpaBaseConfiguration$JpaWebConfiguration - spring.jpa.open-in-view is enabled by default. Therefore, database queries may be performed during view rendering. Explicitly configure spring.jpa.open-in-view to disable this warning
18:05:56.839 [main] INFO  o.s.s.web.DefaultSecurityFilterChain - Will secure any request with [org.springframework.security.web.session.DisableEncodeUrlFilter@3de9aa8d, org.springframework.security.web.context.request.async.WebAsyncManagerIntegrationFilter@18a997c7, org.springframework.security.web.context.SecurityContextHolderFilter@10060f31, org.springframework.security.web.header.HeaderWriterFilter@4da6546a, org.springframework.security.web.authentication.logout.LogoutFilter@4b6d894d, org.springframework.security.web.authentication.UsernamePasswordAuthenticationFilter@1a696f6c, org.springframework.security.web.authentication.ui.DefaultLoginPageGeneratingFilter@30822879, org.springframework.security.web.authentication.ui.DefaultLogoutPageGeneratingFilter@1d60ee76, org.springframework.security.web.savedrequest.RequestCacheAwareFilter@91a5e3f, org.springframework.security.web.servletapi.SecurityContextHolderAwareRequestFilter@4f7820f8, org.springframework.security.web.authentication.AnonymousAuthenticationFilter@4c23f0b9, org.springframework.security.web.access.ExceptionTranslationFilter@b39a3bf, org.springframework.security.web.access.intercept.AuthorizationFilter@64fc2612]
18:05:57.021 [main] INFO  o.s.b.t.m.w.SpringBootMockServletContext - Initializing Spring TestDispatcherServlet ''
18:05:57.022 [main] INFO  o.s.t.w.s.TestDispatcherServlet - Initializing Servlet ''
18:05:57.022 [main] INFO  o.s.t.w.s.TestDispatcherServlet - Completed initialization in 0 ms
18:05:57.025 [main] INFO  c.e.w.controller.EmployeeTest - Started EmployeeTest in 0.429 seconds (process running for 7.689)
18:05:57.047 [main] INFO  c.e.w.service.EmployeeServiceImpl - Вызван метод getEmployeeByPage, pageIndex = 0
18:05:57.051 [main] INFO  o.s.o.j.LocalContainerEntityManagerFactoryBean - Closing JPA EntityManagerFactory for persistence unit 'default'
18:05:57.051 [main] INFO  com.zaxxer.hikari.HikariDataSource - HikariPool-5 - Shutdown initiated...
18:05:57.058 [main] INFO  com.zaxxer.hikari.HikariDataSource - HikariPool-5 - Shutdown completed.
]]></system-out>
  </testcase>
  <testcase name="getEmployeesTest" classname="com.example.weblibrary.controller.EmployeeTest" time="0.033">
    <system-out><![CDATA[
  .   ____          _            __ _ _
 /\\ / ___'_ __ _ _(_)_ __  __ _ \ \ \ \
( ( )\___ | '_ | '_| | '_ \/ _` | \ \ \ \
 \\/  ___)| |_)| | | | | || (_| |  ) ) ) )
  '  |____| .__|_| |_|_| |_\__, | / / / /
 =========|_|==============|___/=/_/_/_/
 :: Spring Boot ::                (v3.1.0)

18:05:57.071 [main] INFO  c.e.w.controller.EmployeeTest - Starting EmployeeTest using Java 20.0.2 with PID 6152 (started by Ruslan in C:\Users\Ruslan\IdeaProjects\Spring_Boot_MVC)
18:05:57.071 [main] INFO  c.e.w.controller.EmployeeTest - No active profile set, falling back to 1 default profile: "default"
18:05:57.146 [main] INFO  o.s.d.r.c.RepositoryConfigurationDelegate - Bootstrapping Spring Data JPA repositories in DEFAULT mode.
18:05:57.153 [main] INFO  o.s.d.r.c.RepositoryConfigurationDelegate - Finished Spring Data repository scanning in 6 ms. Found 4 JPA repository interfaces.
18:05:57.177 [main] INFO  com.zaxxer.hikari.HikariDataSource - HikariPool-6 - Starting...
18:05:57.186 [main] INFO  com.zaxxer.hikari.pool.HikariPool - HikariPool-6 - Added connection org.postgresql.jdbc.PgConnection@31a19d25
18:05:57.187 [main] INFO  com.zaxxer.hikari.HikariDataSource - HikariPool-6 - Start completed.
18:05:57.191 [main] INFO  liquibase.database - Set default schema name to public
18:05:57.199 [main] INFO  liquibase.changelog - Reading from public.databasechangelog
18:05:57.200 [main] INFO  liquibase.executor - Changelog query completed.
Database is up to date, no changesets to execute
18:05:57.211 [main] INFO  o.h.jpa.internal.util.LogHelper - HHH000204: Processing PersistenceUnitInfo [name: default]
18:05:57.215 [main] INFO  o.h.b.i.BytecodeProviderInitiator - HHH000021: Bytecode provider name : bytebuddy
18:05:57.215 [main] INFO  o.s.o.j.p.SpringPersistenceUnitInfo - No LoadTimeWeaver setup: ignoring JPA class transformer
18:05:57.216 [main] INFO  org.hibernate.orm.dialect - HHH035001: Using dialect: org.hibernate.dialect.PostgreSQLDialect, version: org.hibernate.engine.jdbc.env.internal.JdbcEnvironmentInitiator$DialectResolutionInfoImpl@7c4b7f2e
18:05:57.224 [main] INFO  o.h.b.i.BytecodeProviderInitiator - HHH000021: Bytecode provider name : bytebuddy
18:05:57.245 [main] INFO  o.h.e.t.j.p.i.JtaPlatformInitiator - HHH000490: Using JtaPlatform implementation: [org.hibernate.engine.transaction.jta.platform.internal.NoJtaPlatform]
18:05:57.245 [main] INFO  o.s.o.j.LocalContainerEntityManagerFactoryBean - Initialized JPA EntityManagerFactory for persistence unit 'default'
18:05:57.277 [main] WARN  o.s.b.a.o.j.JpaBaseConfiguration$JpaWebConfiguration - spring.jpa.open-in-view is enabled by default. Therefore, database queries may be performed during view rendering. Explicitly configure spring.jpa.open-in-view to disable this warning
18:05:57.282 [main] INFO  o.s.s.web.DefaultSecurityFilterChain - Will secure any request with [org.springframework.security.web.session.DisableEncodeUrlFilter@48e114b4, org.springframework.security.web.context.request.async.WebAsyncManagerIntegrationFilter@6cf53627, org.springframework.security.web.context.SecurityContextHolderFilter@307e1c7b, org.springframework.security.web.header.HeaderWriterFilter@5767053, org.springframework.security.web.authentication.logout.LogoutFilter@1eb738e5, org.springframework.security.web.authentication.UsernamePasswordAuthenticationFilter@6f3679a7, org.springframework.security.web.authentication.ui.DefaultLoginPageGeneratingFilter@6083be44, org.springframework.security.web.authentication.ui.DefaultLogoutPageGeneratingFilter@52ccf81e, org.springframework.security.web.savedrequest.RequestCacheAwareFilter@2393b885, org.springframework.security.web.servletapi.SecurityContextHolderAwareRequestFilter@56c1a827, org.springframework.security.web.authentication.AnonymousAuthenticationFilter@eeb48a1, org.springframework.security.web.access.ExceptionTranslationFilter@147c3b73, org.springframework.security.web.access.intercept.AuthorizationFilter@38e0ccf3]
18:05:57.472 [main] INFO  o.s.b.t.m.w.SpringBootMockServletContext - Initializing Spring TestDispatcherServlet ''
18:05:57.472 [main] INFO  o.s.t.w.s.TestDispatcherServlet - Initializing Servlet ''
18:05:57.473 [main] INFO  o.s.t.w.s.TestDispatcherServlet - Completed initialization in 1 ms
18:05:57.476 [main] INFO  c.e.w.controller.EmployeeTest - Started EmployeeTest in 0.416 seconds (process running for 8.141)
18:05:57.495 [main] INFO  c.e.w.service.EmployeeServiceImpl - Вызван метод getAllEmployees()
18:05:57.498 [main] INFO  o.s.o.j.LocalContainerEntityManagerFactoryBean - Closing JPA EntityManagerFactory for persistence unit 'default'
18:05:57.499 [main] INFO  com.zaxxer.hikari.HikariDataSource - HikariPool-6 - Shutdown initiated...
18:05:57.510 [main] INFO  com.zaxxer.hikari.HikariDataSource - HikariPool-6 - Shutdown completed.
]]></system-out>
  </testcase>
  <testcase name="getEmployeeWithsalaryHigherThan_Test" classname="com.example.weblibrary.controller.EmployeeTest" time="0.049">
    <system-out><![CDATA[
  .   ____          _            __ _ _
 /\\ / ___'_ __ _ _(_)_ __  __ _ \ \ \ \
( ( )\___ | '_ | '_| | '_ \/ _` | \ \ \ \
 \\/  ___)| |_)| | | | | || (_| |  ) ) ) )
  '  |____| .__|_| |_|_| |_\__, | / / / /
 =========|_|==============|___/=/_/_/_/
 :: Spring Boot ::                (v3.1.0)

18:05:57.521 [main] INFO  c.e.w.controller.EmployeeTest - Starting EmployeeTest using Java 20.0.2 with PID 6152 (started by Ruslan in C:\Users\Ruslan\IdeaProjects\Spring_Boot_MVC)
18:05:57.521 [main] INFO  c.e.w.controller.EmployeeTest - No active profile set, falling back to 1 default profile: "default"
18:05:57.595 [main] INFO  o.s.d.r.c.RepositoryConfigurationDelegate - Bootstrapping Spring Data JPA repositories in DEFAULT mode.
18:05:57.601 [main] INFO  o.s.d.r.c.RepositoryConfigurationDelegate - Finished Spring Data repository scanning in 5 ms. Found 4 JPA repository interfaces.
18:05:57.628 [main] INFO  com.zaxxer.hikari.HikariDataSource - HikariPool-7 - Starting...
18:05:57.637 [main] INFO  com.zaxxer.hikari.pool.HikariPool - HikariPool-7 - Added connection org.postgresql.jdbc.PgConnection@2fdf4d08
18:05:57.637 [main] INFO  com.zaxxer.hikari.HikariDataSource - HikariPool-7 - Start completed.
18:05:57.642 [main] INFO  liquibase.database - Set default schema name to public
18:05:57.648 [main] INFO  liquibase.changelog - Reading from public.databasechangelog
18:05:57.650 [main] INFO  liquibase.executor - Changelog query completed.
Database is up to date, no changesets to execute
18:05:57.661 [main] INFO  o.h.jpa.internal.util.LogHelper - HHH000204: Processing PersistenceUnitInfo [name: default]
18:05:57.665 [main] INFO  o.h.b.i.BytecodeProviderInitiator - HHH000021: Bytecode provider name : bytebuddy
18:05:57.665 [main] INFO  o.s.o.j.p.SpringPersistenceUnitInfo - No LoadTimeWeaver setup: ignoring JPA class transformer
18:05:57.666 [main] INFO  org.hibernate.orm.dialect - HHH035001: Using dialect: org.hibernate.dialect.PostgreSQLDialect, version: org.hibernate.engine.jdbc.env.internal.JdbcEnvironmentInitiator$DialectResolutionInfoImpl@7fe915ca
18:05:57.672 [main] INFO  o.h.b.i.BytecodeProviderInitiator - HHH000021: Bytecode provider name : bytebuddy
18:05:57.693 [main] INFO  o.h.e.t.j.p.i.JtaPlatformInitiator - HHH000490: Using JtaPlatform implementation: [org.hibernate.engine.transaction.jta.platform.internal.NoJtaPlatform]
18:05:57.693 [main] INFO  o.s.o.j.LocalContainerEntityManagerFactoryBean - Initialized JPA EntityManagerFactory for persistence unit 'default'
18:05:57.723 [main] WARN  o.s.b.a.o.j.JpaBaseConfiguration$JpaWebConfiguration - spring.jpa.open-in-view is enabled by default. Therefore, database queries may be performed during view rendering. Explicitly configure spring.jpa.open-in-view to disable this warning
18:05:57.728 [main] INFO  o.s.s.web.DefaultSecurityFilterChain - Will secure any request with [org.springframework.security.web.session.DisableEncodeUrlFilter@30817cdc, org.springframework.security.web.context.request.async.WebAsyncManagerIntegrationFilter@29d015b4, org.springframework.security.web.context.SecurityContextHolderFilter@68496278, org.springframework.security.web.header.HeaderWriterFilter@528497cc, org.springframework.security.web.authentication.logout.LogoutFilter@54406b62, org.springframework.security.web.authentication.UsernamePasswordAuthenticationFilter@674d102c, org.springframework.security.web.authentication.ui.DefaultLoginPageGeneratingFilter@2cfc75cb, org.springframework.security.web.authentication.ui.DefaultLogoutPageGeneratingFilter@144cf818, org.springframework.security.web.savedrequest.RequestCacheAwareFilter@14f9fce0, org.springframework.security.web.servletapi.SecurityContextHolderAwareRequestFilter@5a30a3b6, org.springframework.security.web.authentication.AnonymousAuthenticationFilter@1b8f56cd, org.springframework.security.web.access.ExceptionTranslationFilter@5013c293, org.springframework.security.web.access.intercept.AuthorizationFilter@44af21cf]
18:05:57.907 [main] INFO  o.s.b.t.m.w.SpringBootMockServletContext - Initializing Spring TestDispatcherServlet ''
18:05:57.907 [main] INFO  o.s.t.w.s.TestDispatcherServlet - Initializing Servlet ''
18:05:57.908 [main] INFO  o.s.t.w.s.TestDispatcherServlet - Completed initialization in 1 ms
18:05:57.911 [main] INFO  c.e.w.controller.EmployeeTest - Started EmployeeTest in 0.399 seconds (process running for 8.575)
18:05:57.929 [main] INFO  c.e.w.service.EmployeeServiceImpl - Вызван метод getAllEmployees()
18:05:57.929 [main] INFO  c.e.w.service.EmployeeServiceImpl - Запрошены сотрудники с зарплатой большей чем 15000
18:05:57.933 [main] INFO  o.s.o.j.LocalContainerEntityManagerFactoryBean - Closing JPA EntityManagerFactory for persistence unit 'default'
18:05:57.933 [main] INFO  com.zaxxer.hikari.HikariDataSource - HikariPool-7 - Shutdown initiated...
18:05:57.961 [main] INFO  com.zaxxer.hikari.HikariDataSource - HikariPool-7 - Shutdown completed.
]]></system-out>
  </testcase>
  <testcase name="deleteEmployee_Test" classname="com.example.weblibrary.controller.EmployeeTest" time="0.036">
    <system-out><![CDATA[
  .   ____          _            __ _ _
 /\\ / ___'_ __ _ _(_)_ __  __ _ \ \ \ \
( ( )\___ | '_ | '_| | '_ \/ _` | \ \ \ \
 \\/  ___)| |_)| | | | | || (_| |  ) ) ) )
  '  |____| .__|_| |_|_| |_\__, | / / / /
 =========|_|==============|___/=/_/_/_/
 :: Spring Boot ::                (v3.1.0)

18:05:57.973 [main] INFO  c.e.w.controller.EmployeeTest - Starting EmployeeTest using Java 20.0.2 with PID 6152 (started by Ruslan in C:\Users\Ruslan\IdeaProjects\Spring_Boot_MVC)
18:05:57.973 [main] INFO  c.e.w.controller.EmployeeTest - No active profile set, falling back to 1 default profile: "default"
18:05:58.044 [main] INFO  o.s.d.r.c.RepositoryConfigurationDelegate - Bootstrapping Spring Data JPA repositories in DEFAULT mode.
18:05:58.051 [main] INFO  o.s.d.r.c.RepositoryConfigurationDelegate - Finished Spring Data repository scanning in 6 ms. Found 4 JPA repository interfaces.
18:05:58.074 [main] INFO  com.zaxxer.hikari.HikariDataSource - HikariPool-8 - Starting...
18:05:58.083 [main] INFO  com.zaxxer.hikari.pool.HikariPool - HikariPool-8 - Added connection org.postgresql.jdbc.PgConnection@1055cfeb
18:05:58.083 [main] INFO  com.zaxxer.hikari.HikariDataSource - HikariPool-8 - Start completed.
18:05:58.088 [main] INFO  liquibase.database - Set default schema name to public
18:05:58.095 [main] INFO  liquibase.changelog - Reading from public.databasechangelog
18:05:58.096 [main] INFO  liquibase.executor - Changelog query completed.
Database is up to date, no changesets to execute
18:05:58.106 [main] INFO  o.h.jpa.internal.util.LogHelper - HHH000204: Processing PersistenceUnitInfo [name: default]
18:05:58.109 [main] INFO  o.h.b.i.BytecodeProviderInitiator - HHH000021: Bytecode provider name : bytebuddy
18:05:58.109 [main] INFO  o.s.o.j.p.SpringPersistenceUnitInfo - No LoadTimeWeaver setup: ignoring JPA class transformer
18:05:58.111 [main] INFO  org.hibernate.orm.dialect - HHH035001: Using dialect: org.hibernate.dialect.PostgreSQLDialect, version: org.hibernate.engine.jdbc.env.internal.JdbcEnvironmentInitiator$DialectResolutionInfoImpl@515a4ee
18:05:58.118 [main] INFO  o.h.b.i.BytecodeProviderInitiator - HHH000021: Bytecode provider name : bytebuddy
18:05:58.135 [main] INFO  o.h.e.t.j.p.i.JtaPlatformInitiator - HHH000490: Using JtaPlatform implementation: [org.hibernate.engine.transaction.jta.platform.internal.NoJtaPlatform]
18:05:58.135 [main] INFO  o.s.o.j.LocalContainerEntityManagerFactoryBean - Initialized JPA EntityManagerFactory for persistence unit 'default'
18:05:58.161 [main] WARN  o.s.b.a.o.j.JpaBaseConfiguration$JpaWebConfiguration - spring.jpa.open-in-view is enabled by default. Therefore, database queries may be performed during view rendering. Explicitly configure spring.jpa.open-in-view to disable this warning
18:05:58.166 [main] INFO  o.s.s.web.DefaultSecurityFilterChain - Will secure any request with [org.springframework.security.web.session.DisableEncodeUrlFilter@eb3b9fe, org.springframework.security.web.context.request.async.WebAsyncManagerIntegrationFilter@2c9a4791, org.springframework.security.web.context.SecurityContextHolderFilter@31b1c1a8, org.springframework.security.web.header.HeaderWriterFilter@6f7d5b8a, org.springframework.security.web.authentication.logout.LogoutFilter@1cbfca27, org.springframework.security.web.authentication.UsernamePasswordAuthenticationFilter@6cbfb8bc, org.springframework.security.web.authentication.ui.DefaultLoginPageGeneratingFilter@1e2d085c, org.springframework.security.web.authentication.ui.DefaultLogoutPageGeneratingFilter@34e79514, org.springframework.security.web.savedrequest.RequestCacheAwareFilter@628be4f6, org.springframework.security.web.servletapi.SecurityContextHolderAwareRequestFilter@1b89b1ac, org.springframework.security.web.authentication.AnonymousAuthenticationFilter@258cb16c, org.springframework.security.web.access.ExceptionTranslationFilter@2eaafa39, org.springframework.security.web.access.intercept.AuthorizationFilter@3cf48234]
18:05:58.340 [main] INFO  o.s.b.t.m.w.SpringBootMockServletContext - Initializing Spring TestDispatcherServlet ''
18:05:58.340 [main] INFO  o.s.t.w.s.TestDispatcherServlet - Initializing Servlet ''
18:05:58.341 [main] INFO  o.s.t.w.s.TestDispatcherServlet - Completed initialization in 1 ms
18:05:58.344 [main] INFO  c.e.w.controller.EmployeeTest - Started EmployeeTest in 0.381 seconds (process running for 9.008)
18:05:58.365 [main] INFO  c.e.w.service.EmployeeServiceImpl - Сотрудник с ID 3удалён
18:05:58.369 [main] INFO  c.e.w.service.EmployeeServiceImpl - Вызван метод getAllEmployees()
18:05:58.372 [main] INFO  o.s.o.j.LocalContainerEntityManagerFactoryBean - Closing JPA EntityManagerFactory for persistence unit 'default'
18:05:58.373 [main] INFO  com.zaxxer.hikari.HikariDataSource - HikariPool-8 - Shutdown initiated...
18:05:58.381 [main] INFO  com.zaxxer.hikari.HikariDataSource - HikariPool-8 - Shutdown completed.
]]></system-out>
  </testcase>
</testsuite>