<?xml version="1.0" encoding="UTF-8"?>
<testsuite xmlns:xsi="http://www.w3.org/2001/XMLSchema-instance" xsi:noNamespaceSchemaLocation="https://maven.apache.org/surefire/maven-surefire-plugin/xsd/surefire-test-report-3.0.xsd" version="3.0" name="com.example.weblibrary.controller.ReportTest" time="2.37" tests="2" errors="0" skipped="0" failures="0">
  <properties>
[...]
</properties>
  <testcase name="getReport" classname="com.example.weblibrary.controller.ReportTest" time="0.036">
    <system-out><![CDATA[23:04:58.679 [main] INFO  o.s.t.c.s.AnnotationConfigContextLoaderUtils - Could not detect default configuration classes for test class [com.example.weblibrary.controller.ReportTest]: ReportTest does not declare any static, non-private, non-final, nested classes annotated with @Configuration.
23:04:58.681 [main] INFO  o.s.b.t.c.SpringBootTestContextBootstrapper - Found @SpringBootConfiguration com.example.weblibrary.WebLibraryApplication for test class com.example.weblibrary.controller.ReportTest
23:04:58.683 [main] INFO  tc.postgres:latest - Creating container for image: postgres:latest
23:04:58.703 [main] INFO  tc.postgres:latest - Container postgres:latest is starting: d16613e732521f170254a9a362fd00cbfef6ec1f1e58b311c1273438c6a60b69
23:04:59.858 [main] INFO  tc.postgres:latest - Container postgres:latest started in PT1.1747768S
23:04:59.858 [main] INFO  tc.postgres:latest - Container is started (JDBC URL: jdbc:postgresql://localhost:54011/test?loggerLevel=OFF)

  .   ____          _            __ _ _
 /\\ / ___'_ __ _ _(_)_ __  __ _ \ \ \ \
( ( )\___ | '_ | '_| | '_ \/ _` | \ \ \ \
 \\/  ___)| |_)| | | | | || (_| |  ) ) ) )
  '  |____| .__|_| |_|_| |_\__, | / / / /
 =========|_|==============|___/=/_/_/_/
 :: Spring Boot ::                (v3.1.0)

23:04:59.869 [main] INFO  c.e.weblibrary.controller.ReportTest - Starting ReportTest using Java 20.0.2 with PID 2740 (started by Ruslan in C:\Users\Ruslan\IdeaProjects\Spring_Boot_MVC)
23:04:59.869 [main] INFO  c.e.weblibrary.controller.ReportTest - No active profile set, falling back to 1 default profile: "default"
23:04:59.966 [main] INFO  o.s.d.r.c.RepositoryConfigurationDelegate - Bootstrapping Spring Data JPA repositories in DEFAULT mode.
23:04:59.973 [main] INFO  o.s.d.r.c.RepositoryConfigurationDelegate - Finished Spring Data repository scanning in 6 ms. Found 4 JPA repository interfaces.
23:05:00.002 [main] INFO  com.zaxxer.hikari.HikariDataSource - HikariPool-3 - Starting...
23:05:00.013 [main] INFO  com.zaxxer.hikari.pool.HikariPool - HikariPool-3 - Added connection org.postgresql.jdbc.PgConnection@7615eb9f
23:05:00.013 [main] INFO  com.zaxxer.hikari.HikariDataSource - HikariPool-3 - Start completed.
23:05:00.019 [main] INFO  liquibase.database - Set default schema name to public
23:05:00.040 [main] INFO  liquibase.executor - Changelog query completed.
23:05:00.042 [main] INFO  liquibase.executor - Changelog query completed.
23:05:00.044 [main] INFO  liquibase.executor - Changelog query completed.
23:05:00.045 [main] INFO  liquibase.executor - Changelog query completed.
23:05:00.046 [main] INFO  liquibase.executor - Changelog query completed.
23:05:00.047 [main] INFO  liquibase.lockservice - Successfully acquired change log lock
23:05:00.051 [main] INFO  liquibase.changelog - Creating database history table with name: public.databasechangelog
23:05:00.053 [main] INFO  liquibase.executor - Changelog query completed.
23:05:00.054 [main] INFO  liquibase.changelog - Reading from public.databasechangelog
23:05:00.055 [main] INFO  liquibase.executor - Changelog query completed.
23:05:00.057 [main] INFO  liquibase.executor - Changelog query completed.
Running Changeset: liquibase/changesets/create_employee.yml::1::developer
23:05:00.065 [main] INFO  liquibase.changelog - Table employee created
23:05:00.065 [main] INFO  liquibase.changelog - ChangeSet liquibase/changesets/create_employee.yml::1::developer ran successfully in 4ms
23:05:00.066 [main] INFO  liquibase.executor - Changelog query completed.
23:05:00.067 [main] INFO  liquibase.executor - Changelog query completed.
Running Changeset: liquibase/changesets/create_position.yml::1::developer
23:05:00.070 [main] INFO  liquibase.changelog - Table position created
23:05:00.071 [main] INFO  liquibase.changelog - ChangeSet liquibase/changesets/create_position.yml::1::developer ran successfully in 3ms
23:05:00.073 [main] INFO  liquibase.executor - Changelog query completed.
Running Changeset: liquibase/changesets/create_auth_user.yml::3::developer
23:05:00.076 [main] INFO  liquibase.changelog - Table auth_user created
23:05:00.076 [main] INFO  liquibase.changelog - ChangeSet liquibase/changesets/create_auth_user.yml::3::developer ran successfully in 3ms
23:05:00.078 [main] INFO  liquibase.executor - Changelog query completed.
Running Changeset: liquibase/changesets/create_role.yml::4::developer
23:05:00.081 [main] INFO  liquibase.changelog - Table roles created
23:05:00.081 [main] INFO  liquibase.changelog - ChangeSet liquibase/changesets/create_role.yml::4::developer ran successfully in 3ms
23:05:00.083 [main] INFO  liquibase.executor - Changelog query completed.
Running Changeset: liquibase/changesets/create_report.yml::1::developer
23:05:00.086 [main] INFO  liquibase.changelog - Table report created
23:05:00.087 [main] INFO  liquibase.changelog - ChangeSet liquibase/changesets/create_report.yml::1::developer ran successfully in 4ms
23:05:00.088 [main] INFO  liquibase.executor - Changelog query completed.
23:05:00.088 [main] INFO  liquibase - Update command completed successfully.
23:05:00.090 [main] INFO  liquibase.executor - Changelog query completed.
23:05:00.091 [main] INFO  liquibase.lockservice - Successfully released change log lock
23:05:00.100 [main] INFO  o.h.jpa.internal.util.LogHelper - HHH000204: Processing PersistenceUnitInfo [name: default]
23:05:00.104 [main] INFO  o.h.b.i.BytecodeProviderInitiator - HHH000021: Bytecode provider name : bytebuddy
23:05:00.104 [main] INFO  o.s.o.j.p.SpringPersistenceUnitInfo - No LoadTimeWeaver setup: ignoring JPA class transformer
23:05:00.106 [main] INFO  org.hibernate.orm.dialect - HHH035001: Using dialect: org.hibernate.dialect.PostgreSQLDialect, version: org.hibernate.engine.jdbc.env.internal.JdbcEnvironmentInitiator$DialectResolutionInfoImpl@6185f1ec
23:05:00.120 [main] INFO  o.h.b.i.BytecodeProviderInitiator - HHH000021: Bytecode provider name : bytebuddy
23:05:00.157 [main] INFO  o.h.e.t.j.p.i.JtaPlatformInitiator - HHH000490: Using JtaPlatform implementation: [org.hibernate.engine.transaction.jta.platform.internal.NoJtaPlatform]
23:05:00.157 [main] INFO  o.s.o.j.LocalContainerEntityManagerFactoryBean - Initialized JPA EntityManagerFactory for persistence unit 'default'
23:05:00.200 [main] WARN  o.s.b.a.o.j.JpaBaseConfiguration$JpaWebConfiguration - spring.jpa.open-in-view is enabled by default. Therefore, database queries may be performed during view rendering. Explicitly configure spring.jpa.open-in-view to disable this warning
23:05:00.206 [main] INFO  o.s.s.web.DefaultSecurityFilterChain - Will secure any request with [org.springframework.security.web.session.DisableEncodeUrlFilter@73987a07, org.springframework.security.web.context.request.async.WebAsyncManagerIntegrationFilter@3de1ec44, org.springframework.security.web.context.SecurityContextHolderFilter@6967bb91, org.springframework.security.web.header.HeaderWriterFilter@36a408cb, org.springframework.security.web.authentication.logout.LogoutFilter@6f60173c, org.springframework.security.web.authentication.UsernamePasswordAuthenticationFilter@1cae5759, org.springframework.security.web.authentication.ui.DefaultLoginPageGeneratingFilter@23096d02, org.springframework.security.web.authentication.ui.DefaultLogoutPageGeneratingFilter@53e6c75c, org.springframework.security.web.savedrequest.RequestCacheAwareFilter@72ed4e67, org.springframework.security.web.servletapi.SecurityContextHolderAwareRequestFilter@35fdc926, org.springframework.security.web.authentication.AnonymousAuthenticationFilter@3d9c46e6, org.springframework.security.web.access.ExceptionTranslationFilter@4da15ed2, org.springframework.security.web.access.intercept.AuthorizationFilter@5c064de1]
23:05:00.430 [main] INFO  o.s.b.t.m.w.SpringBootMockServletContext - Initializing Spring TestDispatcherServlet ''
23:05:00.430 [main] INFO  o.s.t.w.s.TestDispatcherServlet - Initializing Servlet ''
23:05:00.430 [main] INFO  o.s.t.w.s.TestDispatcherServlet - Completed initialization in 0 ms
23:05:00.435 [main] INFO  c.e.weblibrary.controller.ReportTest - Started ReportTest in 0.575 seconds (process running for 12.159)
23:05:00.471 [main] INFO  c.e.weblibrary.service.ReportService - Отчёт сохранён, reportId = 1
]]></system-out>
  </testcase>
  <testcase name="getReportById" classname="com.example.weblibrary.controller.ReportTest" time="0.026">
    <system-out><![CDATA[23:05:00.495 [main] INFO  c.e.weblibrary.service.ReportService - Отчёт сохранён, reportId = 2
23:05:00.498 [main] INFO  c.e.weblibrary.service.ReportService - Вызван метод getReportById, ReportId = 2
]]></system-out>
  </testcase>
</testsuite>